#
# There is insufficient memory for the Java Runtime Environment to continue.
# Native memory allocation (malloc) failed to allocate 2039216 bytes for Chunk::new
# Possible reasons:
#   The system is out of physical RAM or swap space
#   The process is running with CompressedOops enabled, and the Java Heap may be blocking the growth of the native heap
# Possible solutions:
#   Reduce memory load on the system
#   Increase physical memory or swap space
#   Check if swap backing store is full
#   Decrease Java heap size (-Xmx/-Xms)
#   Decrease number of Java threads
#   Decrease Java thread stack sizes (-Xss)
#   Set larger code cache with -XX:ReservedCodeCacheSize=
#   JVM is running with Unscaled Compressed Oops mode in which the Java heap is
#     placed in the first 4GB address space. The Java Heap base address is the
#     maximum limit for the native heap growth. Please use -XX:HeapBaseMinAddress
#     to set the Java Heap base and to place the Java Heap above 4GB virtual address.
# This output file may be truncated or incomplete.
#
#  Out of Memory Error (./open/src/hotspot/share/memory/arena.cpp:197), pid=7084, tid=10520
#
# JRE version: Java(TM) SE Runtime Environment 18.9 (11.0.12+8) (build 11.0.12+8-LTS-237)
# Java VM: Java HotSpot(TM) 64-Bit Server VM 18.9 (11.0.12+8-LTS-237, mixed mode, tiered, compressed oops, g1 gc, windows-amd64)
# No core dump will be written. Minidumps are not enabled by default on client versions of Windows
#

---------------  S U M M A R Y ------------

Command Line: -XX:MaxMetaspaceSize=512m --add-opens=java.base/java.util=ALL-UNNAMED --add-opens=java.base/java.lang=ALL-UNNAMED --add-opens=java.base/java.lang.invoke=ALL-UNNAMED --add-opens=java.base/java.util=ALL-UNNAMED --add-opens=java.prefs/java.util.prefs=ALL-UNNAMED --add-opens=java.prefs/java.util.prefs=ALL-UNNAMED --add-opens=java.base/java.nio.charset=ALL-UNNAMED --add-opens=java.base/java.net=ALL-UNNAMED --add-opens=java.base/java.util.concurrent.atomic=ALL-UNNAMED -Xmx2048m -Dfile.encoding=windows-1252 -Duser.country=US -Duser.language=en -Duser.variant org.gradle.launcher.daemon.bootstrap.GradleDaemon 7.5.1

Host: Intel(R) Core(TM) i3-5005U CPU @ 2.00GHz, 4 cores, 7G,  Windows 8.1 , 64 bit Build 9600 (6.3.9600.20062)
Time: Sun Jan  1 12:59:55 2023 Sri Lanka Standard Time elapsed time: 375.760862 seconds (0d 0h 6m 15s)

---------------  T H R E A D  ---------------

Current thread (0x0000005d8706a800):  JavaThread "C2 CompilerThread1" daemon [_thread_in_native, id=10520, stack(0x0000005d90580000,0x0000005d90680000)]


Current CompileTask:
C2: 375760 27331       4       com.android.tools.r8.internal.xa::a (4216 bytes)

Stack: [0x0000005d90580000,0x0000005d90680000]
Native frames: (J=compiled Java code, j=interpreted, Vv=VM code, C=native code)
V  [jvm.dll+0x617d9a]
V  [jvm.dll+0x74eeef]
V  [jvm.dll+0x750599]
V  [jvm.dll+0x750c23]
V  [jvm.dll+0x2438d8]
V  [jvm.dll+0xba6dc]
V  [jvm.dll+0xbac9c]
V  [jvm.dll+0x346972]
V  [jvm.dll+0x3147a3]
V  [jvm.dll+0x313aea]
V  [jvm.dll+0x1fd105]
V  [jvm.dll+0x1fc2ed]
V  [jvm.dll+0x17f18c]
V  [jvm.dll+0x20b87c]
V  [jvm.dll+0x20997b]
V  [jvm.dll+0x716359]
V  [jvm.dll+0x70f064]
V  [jvm.dll+0x616f66]
C  [ucrtbase.DLL+0x1d912]
C  [KERNEL32.DLL+0x1412]
C  [ntdll.dll+0x154f4]


---------------  P R O C E S S  ---------------

Threads class SMR info:
_java_thread_list=0x0000005d95e753d0, length=104, elements={
0x0000005dda259000, 0x0000005df8aef800, 0x0000005df8afa800, 0x0000005df8b0b800,
0x0000005df8b0f000, 0x0000005df9866800, 0x0000005df986e000, 0x0000005df8b19000,
0x0000005df987d000, 0x0000005df9864000, 0x0000005df9867000, 0x0000005df9864800,
0x0000005df9868000, 0x0000005df9865800, 0x0000005df9869000, 0x0000005df986a800,
0x0000005df9869800, 0x0000005df9881800, 0x0000005df9881000, 0x0000005df9882800,
0x0000005df9880000, 0x0000005df9883800, 0x0000005df9884000, 0x0000005df9886800,
0x0000005df9887800, 0x0000005df9885800, 0x0000005df9885000, 0x0000005df988a800,
0x0000005df9888000, 0x0000005df988a000, 0x0000005df9889000, 0x0000005df988d000,
0x0000005df988e000, 0x0000005df988c800, 0x0000005dfd256800, 0x0000005dfd259000,
0x0000005dfd257800, 0x0000005dfd25a000, 0x0000005dfd25a800, 0x0000005dfd258000,
0x0000005dfd25b800, 0x0000005dfd25d000, 0x0000005dfd25e000, 0x0000005dfd25f000,
0x0000005dfd25c800, 0x0000005dfd262000, 0x0000005dfd25f800, 0x0000005dfd260800,
0x0000005dfd263000, 0x0000005dfd263800, 0x0000005dfd261000, 0x0000005dfd265800,
0x0000005dfd264800, 0x0000005dfc893800, 0x0000005dfc892000, 0x0000005dfc893000,
0x0000005dfc891800, 0x0000005dfc895800, 0x0000005dfc896000, 0x0000005dfc897000,
0x0000005dfc894800, 0x0000005dfc898000, 0x0000005dfc89b000, 0x0000005dfc899800,
0x0000005dfc898800, 0x0000005dfc89c000, 0x0000005dfc89c800, 0x0000005dfc89a800,
0x0000005dfc89e800, 0x0000005dfc89f000, 0x0000005dfc8a0000, 0x0000005dfc89d800,
0x0000005d81105000, 0x0000005d81103800, 0x0000005d81106800, 0x0000005d81104000,
0x0000005d81109000, 0x0000005d8110a000, 0x0000005d81107800, 0x0000005d81108000,
0x0000005d81d66000, 0x0000005d81d65800, 0x0000005d81d63800, 0x0000005d81d64800,
0x0000005d81d6a000, 0x0000005d81d6d800, 0x0000005d81d68800, 0x0000005d81d67000,
0x0000005d81d6b000, 0x0000005d81d70000, 0x0000005d81d6c800, 0x0000005d81105800,
0x0000005d87064000, 0x0000005d87065800, 0x0000005d87064800, 0x0000005d87069800,
0x0000005d87063000, 0x0000005d87069000, 0x0000005d87067000, 0x0000005d87068000,
0x0000005d8706c000, 0x0000005d8706b800, 0x0000005d8706d800, 0x0000005d8706a800
}

Java Threads: ( => current thread )
  0x0000005dda259000 JavaThread "main" [_thread_blocked, id=10280, stack(0x0000005dd9900000,0x0000005dd9a00000)]
  0x0000005df8aef800 JavaThread "Reference Handler" daemon [_thread_blocked, id=10572, stack(0x0000005df9620000,0x0000005df9720000)]
  0x0000005df8afa800 JavaThread "Finalizer" daemon [_thread_blocked, id=8208, stack(0x0000005df9720000,0x0000005df9820000)]
  0x0000005df8b0b800 JavaThread "Signal Dispatcher" daemon [_thread_blocked, id=3116, stack(0x0000005df9c20000,0x0000005df9d20000)]
  0x0000005df8b0f000 JavaThread "Attach Listener" daemon [_thread_blocked, id=11048, stack(0x0000005df9d20000,0x0000005df9e20000)]
  0x0000005df9866800 JavaThread "Service Thread" daemon [_thread_blocked, id=5056, stack(0x0000005df9e20000,0x0000005df9f20000)]
  0x0000005df986e000 JavaThread "C2 CompilerThread0" daemon [_thread_in_native, id=7016, stack(0x0000005df9f20000,0x0000005dfa020000)]
  0x0000005df8b19000 JavaThread "C1 CompilerThread0" daemon [_thread_blocked, id=6648, stack(0x0000005dfa020000,0x0000005dfa120000)]
  0x0000005df987d000 JavaThread "Sweeper thread" daemon [_thread_blocked, id=4692, stack(0x0000005dfa120000,0x0000005dfa220000)]
  0x0000005df9864000 JavaThread "Common-Cleaner" daemon [_thread_blocked, id=5560, stack(0x0000005dfa220000,0x0000005dfa320000)]
  0x0000005df9867000 JavaThread "Daemon health stats" [_thread_blocked, id=7584, stack(0x0000005dfd2b0000,0x0000005dfd3b0000)]
  0x0000005df9864800 JavaThread "Incoming local TCP Connector on port 64627" [_thread_in_native, id=6040, stack(0x0000005dfd990000,0x0000005dfda90000)]
  0x0000005df9868000 JavaThread "Daemon periodic checks" [_thread_blocked, id=2896, stack(0x0000005dfdc90000,0x0000005dfdd90000)]
  0x0000005df9865800 JavaThread "Daemon" [_thread_blocked, id=10652, stack(0x0000005dfdd90000,0x0000005dfde90000)]
  0x0000005df9869000 JavaThread "Handler for socket connection from /127.0.0.1:64627 to /127.0.0.1:64628" [_thread_in_native, id=5952, stack(0x0000005dfde90000,0x0000005dfdf90000)]
  0x0000005df986a800 JavaThread "Cancel handler" [_thread_blocked, id=9276, stack(0x0000005dfdf90000,0x0000005dfe090000)]
  0x0000005df9869800 JavaThread "Daemon worker" [_thread_blocked, id=2676, stack(0x0000005dfe090000,0x0000005dfe190000)]
  0x0000005df9881800 JavaThread "Asynchronous log dispatcher for DefaultDaemonConnection: socket connection from /127.0.0.1:64627 to /127.0.0.1:64628" [_thread_blocked, id=6000, stack(0x0000005dfe190000,0x0000005dfe290000)]
  0x0000005df9881000 JavaThread "Stdin handler" [_thread_blocked, id=3180, stack(0x0000005dfe390000,0x0000005dfe490000)]
  0x0000005df9882800 JavaThread "Daemon client event forwarder" [_thread_blocked, id=11208, stack(0x0000005dfe490000,0x0000005dfe590000)]
  0x0000005df9880000 JavaThread "Cache worker for journal cache (C:\Users\Administrator\.gradle\caches\journal-1)" [_thread_blocked, id=8536, stack(0x0000005dfe590000,0x0000005dfe690000)]
  0x0000005df9883800 JavaThread "File lock request listener" [_thread_in_native, id=4936, stack(0x0000005dfe890000,0x0000005dfe990000)]
  0x0000005df9884000 JavaThread "Cache worker for file hash cache (C:\Users\Administrator\.gradle\caches\7.5.1\fileHashes)" [_thread_blocked, id=3364, stack(0x0000005dfe990000,0x0000005dfea90000)]
  0x0000005df9886800 JavaThread "Cache worker for checksums cache (C:\react-native\MyProject\android\.gradle\7.5.1\checksums)" [_thread_blocked, id=4008, stack(0x0000005dff170000,0x0000005dff270000)]
  0x0000005df9887800 JavaThread "Cache worker for cache directory md-rule (C:\Users\Administrator\.gradle\caches\7.5.1\md-rule)" [_thread_blocked, id=3460, stack(0x0000005dff270000,0x0000005dff370000)]
  0x0000005df9885800 JavaThread "Cache worker for file content cache (C:\Users\Administrator\.gradle\caches\7.5.1\fileContent)" [_thread_blocked, id=4588, stack(0x0000005dff370000,0x0000005dff470000)]
  0x0000005df9885000 JavaThread "Cache worker for file hash cache (C:\react-native\MyProject\android\.gradle\7.5.1\fileHashes)" [_thread_blocked, id=3668, stack(0x0000005dff670000,0x0000005dff770000)]
  0x0000005df988a800 JavaThread "Cache worker for cache directory md-supplier (C:\Users\Administrator\.gradle\caches\7.5.1\md-supplier)" [_thread_blocked, id=5224, stack(0x0000005dff770000,0x0000005dff870000)]
  0x0000005df9888000 JavaThread "Cache worker for execution history cache (C:\Users\Administrator\.gradle\caches\7.5.1\executionHistory)" [_thread_blocked, id=7456, stack(0x0000005dff870000,0x0000005dff970000)]
  0x0000005df988a000 JavaThread "jar transforms" [_thread_blocked, id=2844, stack(0x0000005d81fa0000,0x0000005d820a0000)]
  0x0000005df9889000 JavaThread "jar transforms Thread 2" [_thread_blocked, id=10632, stack(0x0000005d820a0000,0x0000005d821a0000)]
  0x0000005df988d000 JavaThread "jar transforms Thread 3" [_thread_blocked, id=1156, stack(0x0000005d823c0000,0x0000005d824c0000)]
  0x0000005df988e000 JavaThread "jar transforms Thread 4" [_thread_blocked, id=10276, stack(0x0000005d826e0000,0x0000005d827e0000)]
  0x0000005df988c800 JavaThread "Cache worker for kotlin-dsl (C:\Users\Administrator\.gradle\caches\7.5.1\kotlin-dsl)" [_thread_blocked, id=10340, stack(0x0000005d829e0000,0x0000005d82ae0000)]
  0x0000005dfd256800 JavaThread "Cache worker for dependencies-accessors (C:\react-native\MyProject\android\.gradle\7.5.1\dependencies-accessors)" [_thread_blocked, id=7004, stack(0x0000005d83040000,0x0000005d83140000)]
  0x0000005dfd259000 JavaThread "Cache worker for Build Output Cleanup Cache (C:\react-native\MyProject\node_modules\react-native-gradle-plugin\.gradle\buildOutputCleanup)" [_thread_blocked, id=2432, stack(0x0000005d82ee0000,0x0000005d82fe0000)]
  0x0000005dfd257800 JavaThread "Unconstrained build operations" [_thread_blocked, id=10204, stack(0x0000005d83b20000,0x0000005d83c20000)]
  0x0000005dfd25a000 JavaThread "Unconstrained build operations Thread 2" [_thread_blocked, id=6192, stack(0x0000005d83c20000,0x0000005d83d20000)]
  0x0000005dfd25a800 JavaThread "Unconstrained build operations Thread 3" [_thread_blocked, id=6780, stack(0x0000005d83d20000,0x0000005d83e20000)]
  0x0000005dfd258000 JavaThread "Unconstrained build operations Thread 4" [_thread_in_Java, id=4424, stack(0x0000005d83e20000,0x0000005d83f20000)]
  0x0000005dfd25b800 JavaThread "Unconstrained build operations Thread 5" [_thread_blocked, id=6876, stack(0x0000005d83f20000,0x0000005d84020000)]
  0x0000005dfd25d000 JavaThread "Unconstrained build operations Thread 6" [_thread_blocked, id=10416, stack(0x0000005d84020000,0x0000005d84120000)]
  0x0000005dfd25e000 JavaThread "Unconstrained build operations Thread 7" [_thread_blocked, id=4296, stack(0x0000005d84120000,0x0000005d84220000)]
  0x0000005dfd25f000 JavaThread "Unconstrained build operations Thread 8" [_thread_blocked, id=10824, stack(0x0000005d84220000,0x0000005d84320000)]
  0x0000005dfd25c800 JavaThread "Unconstrained build operations Thread 9" [_thread_blocked, id=8148, stack(0x0000005d84320000,0x0000005d84420000)]
  0x0000005dfd262000 JavaThread "Unconstrained build operations Thread 10" [_thread_blocked, id=4524, stack(0x0000005d84420000,0x0000005d84520000)]
  0x0000005dfd25f800 JavaThread "Unconstrained build operations Thread 11" [_thread_blocked, id=6016, stack(0x0000005d84520000,0x0000005d84620000)]
  0x0000005dfd260800 JavaThread "Unconstrained build operations Thread 12" [_thread_blocked, id=2000, stack(0x0000005d84620000,0x0000005d84720000)]
  0x0000005dfd263000 JavaThread "Unconstrained build operations Thread 13" [_thread_blocked, id=7572, stack(0x0000005d84720000,0x0000005d84820000)]
  0x0000005dfd263800 JavaThread "Unconstrained build operations Thread 14" [_thread_blocked, id=10392, stack(0x0000005d84820000,0x0000005d84920000)]
  0x0000005dfd261000 JavaThread "Unconstrained build operations Thread 15" [_thread_blocked, id=3400, stack(0x0000005d84920000,0x0000005d84a20000)]
  0x0000005dfd265800 JavaThread "Unconstrained build operations Thread 16" [_thread_blocked, id=10956, stack(0x0000005d84a20000,0x0000005d84b20000)]
  0x0000005dfd264800 JavaThread "Unconstrained build operations Thread 17" [_thread_blocked, id=916, stack(0x0000005d84b20000,0x0000005d84c20000)]
  0x0000005dfc893800 JavaThread "Unconstrained build operations Thread 18" [_thread_blocked, id=9812, stack(0x0000005d84c20000,0x0000005d84d20000)]
  0x0000005dfc892000 JavaThread "Unconstrained build operations Thread 19" [_thread_blocked, id=10256, stack(0x0000005d84d20000,0x0000005d84e20000)]
  0x0000005dfc893000 JavaThread "Unconstrained build operations Thread 20" [_thread_blocked, id=9464, stack(0x0000005d84e20000,0x0000005d84f20000)]
  0x0000005dfc891800 JavaThread "Unconstrained build operations Thread 21" [_thread_blocked, id=6080, stack(0x0000005d84f20000,0x0000005d85020000)]
  0x0000005dfc895800 JavaThread "Unconstrained build operations Thread 22" [_thread_blocked, id=7884, stack(0x0000005d85020000,0x0000005d85120000)]
  0x0000005dfc896000 JavaThread "Unconstrained build operations Thread 23" [_thread_blocked, id=5184, stack(0x0000005d85120000,0x0000005d85220000)]
  0x0000005dfc897000 JavaThread "Unconstrained build operations Thread 24" [_thread_blocked, id=8692, stack(0x0000005d85220000,0x0000005d85320000)]
  0x0000005dfc894800 JavaThread "Unconstrained build operations Thread 25" [_thread_in_Java, id=5212, stack(0x0000005d85320000,0x0000005d85420000)]
  0x0000005dfc898000 JavaThread "Unconstrained build operations Thread 26" [_thread_blocked, id=5604, stack(0x0000005d85420000,0x0000005d85520000)]
  0x0000005dfc89b000 JavaThread "Unconstrained build operations Thread 27" [_thread_blocked, id=6840, stack(0x0000005d85520000,0x0000005d85620000)]
  0x0000005dfc899800 JavaThread "Unconstrained build operations Thread 28" [_thread_blocked, id=8392, stack(0x0000005d85620000,0x0000005d85720000)]
  0x0000005dfc898800 JavaThread "Unconstrained build operations Thread 29" [_thread_blocked, id=7864, stack(0x0000005d85720000,0x0000005d85820000)]
  0x0000005dfc89c000 JavaThread "Unconstrained build operations Thread 30" [_thread_blocked, id=2388, stack(0x0000005d85820000,0x0000005d85920000)]
  0x0000005dfc89c800 JavaThread "Unconstrained build operations Thread 31" [_thread_blocked, id=5960, stack(0x0000005d85920000,0x0000005d85a20000)]
  0x0000005dfc89a800 JavaThread "Unconstrained build operations Thread 32" [_thread_blocked, id=7200, stack(0x0000005d85b20000,0x0000005d85c20000)]
  0x0000005dfc89e800 JavaThread "Unconstrained build operations Thread 33" [_thread_blocked, id=1552, stack(0x0000005d85c20000,0x0000005d85d20000)]
  0x0000005dfc89f000 JavaThread "build event listener" [_thread_blocked, id=8856, stack(0x0000005d85f20000,0x0000005d86020000)]
  0x0000005dfc8a0000 JavaThread "Memory manager" [_thread_blocked, id=8100, stack(0x0000005d86220000,0x0000005d86320000)]
  0x0000005dfc89d800 JavaThread "Cache worker for Build Output Cleanup Cache (C:\react-native\MyProject\android\.gradle\buildOutputCleanup)" [_thread_blocked, id=5624, stack(0x0000005d87dc0000,0x0000005d87ec0000)]
  0x0000005d81105000 JavaThread "Execution worker" [_thread_blocked, id=9324, stack(0x0000005d87fc0000,0x0000005d880c0000)]
  0x0000005d81103800 JavaThread "Execution worker Thread 2" [_thread_in_vm, id=4200, stack(0x0000005d880c0000,0x0000005d881c0000)]
  0x0000005d81106800 JavaThread "Execution worker Thread 3" [_thread_blocked, id=5544, stack(0x0000005d881c0000,0x0000005d882c0000)]
  0x0000005d81104000 JavaThread "Cache worker for execution history cache (C:\react-native\MyProject\node_modules\react-native-gradle-plugin\.gradle\7.5.1\executionHistory)" [_thread_blocked, id=10360, stack(0x0000005d882c0000,0x0000005d883c0000)]
  0x0000005d81109000 JavaThread "Unconstrained build operations Thread 34" [_thread_blocked, id=7612, stack(0x0000005d885c0000,0x0000005d886c0000)]
  0x0000005d8110a000 JavaThread "Unconstrained build operations Thread 35" [_thread_blocked, id=9328, stack(0x0000005d886c0000,0x0000005d887c0000)]
  0x0000005d81107800 JavaThread "Unconstrained build operations Thread 36" [_thread_blocked, id=10524, stack(0x0000005d887c0000,0x0000005d888c0000)]
  0x0000005d81108000 JavaThread "Unconstrained build operations Thread 37" [_thread_blocked, id=7768, stack(0x0000005d888c0000,0x0000005d889c0000)]
  0x0000005d81d66000 JavaThread "Unconstrained build operations Thread 38" [_thread_blocked, id=10880, stack(0x0000005d889c0000,0x0000005d88ac0000)]
  0x0000005d81d65800 JavaThread "Unconstrained build operations Thread 39" [_thread_blocked, id=2080, stack(0x0000005d88ac0000,0x0000005d88bc0000)]
  0x0000005d81d63800 JavaThread "Unconstrained build operations Thread 40" [_thread_blocked, id=6804, stack(0x0000005d88bc0000,0x0000005d88cc0000)]
  0x0000005d81d64800 JavaThread "build event listener" [_thread_blocked, id=812, stack(0x0000005d892c0000,0x0000005d893c0000)]
  0x0000005d81d6a000 JavaThread "included builds Thread 2" [_thread_blocked, id=7392, stack(0x0000005d8a7a0000,0x0000005d8a8a0000)]
  0x0000005d81d6d800 JavaThread "Cache worker for execution history cache (C:\react-native\MyProject\android\.gradle\7.5.1\executionHistory)" [_thread_blocked, id=1364, stack(0x0000005d8b190000,0x0000005d8b290000)]
  0x0000005d81d68800 JavaThread "WorkerExecutor Queue" [_thread_blocked, id=6468, stack(0x0000005d8c150000,0x0000005d8c250000)]
  0x0000005d81d67000 JavaThread "WorkerExecutor Queue Thread 2" [_thread_blocked, id=5732, stack(0x0000005d8c520000,0x0000005d8c620000)]
  0x0000005d81d6b000 JavaThread "WorkerExecutor Queue Thread 3" [_thread_blocked, id=10960, stack(0x0000005d88fc0000,0x0000005d890c0000)]
  0x0000005d81d70000 JavaThread "WorkerExecutor Queue Thread 5" [_thread_in_native, id=9732, stack(0x0000005d92250000,0x0000005d92350000)]
  0x0000005d81d6c800 JavaThread "RMI Scheduler(0)" daemon [_thread_blocked, id=7720, stack(0x0000005d87ec0000,0x0000005d87fc0000)]
  0x0000005d81105800 JavaThread "RMI GC Daemon" daemon [_thread_blocked, id=9984, stack(0x0000005d90680000,0x0000005d90780000)]
  0x0000005d87064000 JavaThread "RMI TCP Accept-0" daemon [_thread_in_native, id=7596, stack(0x0000005d91fd0000,0x0000005d920d0000)]
  0x0000005d87065800 JavaThread "RMI Reaper" [_thread_blocked, id=3632, stack(0x0000005d920d0000,0x0000005d921d0000)]
  0x0000005d87064800 JavaThread "RMI TCP Connection(2)-127.0.0.1" daemon [_thread_in_native, id=6196, stack(0x0000005d92350000,0x0000005d92450000)]
  0x0000005d87069800 JavaThread "pool-3-thread-1" [_thread_blocked, id=4548, stack(0x0000005d929f0000,0x0000005d92af0000)]
  0x0000005d87063000 JavaThread "stderr" [_thread_in_native, id=8580, stack(0x0000005d92450000,0x0000005d92550000)]
  0x0000005d87069000 JavaThread "stdout" [_thread_in_native, id=8880, stack(0x0000005d92750000,0x0000005d92850000)]
  0x0000005d87067000 JavaThread "Cache worker for Java compile cache (C:\Users\Administrator\.gradle\caches\7.5.1\javaCompile)" [_thread_blocked, id=3048, stack(0x0000005d92850000,0x0000005d92950000)]
  0x0000005d87068000 JavaThread "Build operations" [_thread_blocked, id=764, stack(0x0000005d93ae0000,0x0000005d93be0000)]
  0x0000005d8706c000 JavaThread "Build operations Thread 2" [_thread_blocked, id=9168, stack(0x0000005d93be0000,0x0000005d93ce0000)]
  0x0000005d8706b800 JavaThread "Build operations Thread 3" [_thread_blocked, id=5464, stack(0x0000005d93ce0000,0x0000005d93de0000)]
  0x0000005d8706d800 JavaThread "Build operations Thread 4" [_thread_blocked, id=5704, stack(0x0000005d93de0000,0x0000005d93ee0000)]
=>0x0000005d8706a800 JavaThread "C2 CompilerThread1" daemon [_thread_in_native, id=10520, stack(0x0000005d90580000,0x0000005d90680000)]

Other Threads:
  0x0000005df8aea800 VMThread "VM Thread" [stack: 0x0000005df9520000,0x0000005df9620000] [id=6632]
  0x0000005df99f0800 WatcherThread [stack: 0x0000005dfa320000,0x0000005dfa420000] [id=7988]
  0x0000005dda26c800 GCTaskThread "GC Thread#0" [stack: 0x0000005dd9be0000,0x0000005dd9ce0000] [id=4712]
  0x0000005dfa77c000 GCTaskThread "GC Thread#1" [stack: 0x0000005dfac20000,0x0000005dfad20000] [id=8060]
  0x0000005dfa915000 GCTaskThread "GC Thread#2" [stack: 0x0000005dfad20000,0x0000005dfae20000] [id=10900]
  0x0000005dfa43c800 GCTaskThread "GC Thread#3" [stack: 0x0000005dfd890000,0x0000005dfd990000] [id=10576]
  0x0000005dda29e000 ConcurrentGCThread "G1 Main Marker" [stack: 0x0000005df62e0000,0x0000005df63e0000] [id=832]
  0x0000005dda29f000 ConcurrentGCThread "G1 Conc#0" [stack: 0x0000005df63e0000,0x0000005df64e0000] [id=9184]
  0x0000005df8953800 ConcurrentGCThread "G1 Refine#0" [stack: 0x0000005df8b20000,0x0000005df8c20000] [id=11216]
  0x0000005df8954000 ConcurrentGCThread "G1 Young RemSet Sampling" [stack: 0x0000005df8c20000,0x0000005df8d20000] [id=11036]

Threads with active compile tasks:
C2 CompilerThread0 375842 27357       4       com.android.tools.r8.internal.ON::a (160 bytes)
C2 CompilerThread1 375842 27331       4       com.android.tools.r8.internal.xa::a (4216 bytes)

VM state:not at safepoint (normal execution)

VM Mutex/Monitor currently owned by a thread:  ([mutex/lock_event])
[0x0000005dda2556d0] MethodData_lock - owner thread: 0x0000000000000000

Heap address: 0x0000000080000000, size: 2048 MB, Compressed Oops mode: 32-bit
Narrow klass base: 0x0000000000000000, Narrow klass shift: 3
Compressed class space size: 528482304 Address: 0x0000000100000000

Heap:
 garbage-first heap   total 328704K, used 232305K [0x0000000080000000, 0x0000000100000000)
  region size 1024K, 19 young (19456K), 6 survivors (6144K)
 Metaspace       used 158539K, capacity 163233K, committed 163328K, reserved 659456K
  class space    used 19901K, capacity 21724K, committed 21760K, reserved 516096K
Heap Regions: E=young(eden), S=young(survivor), O=old, HS=humongous(starts), HC=humongous(continues), CS=collection set, F=free, A=archive, TAMS=top-at-mark-start (previous, next)
|   0|0x0000000080000000, 0x0000000080100000, 0x0000000080100000|100%|HS|  |TAMS 0x0000000080100000, 0x0000000080000000| Complete 
|   1|0x0000000080100000, 0x0000000080200000, 0x0000000080200000|100%|HC|  |TAMS 0x0000000080200000, 0x0000000080100000| Complete 
|   2|0x0000000080200000, 0x0000000080300000, 0x0000000080300000|100%|HC|  |TAMS 0x0000000080300000, 0x0000000080200000| Complete 
|   3|0x0000000080300000, 0x0000000080400000, 0x0000000080400000|100%| O|  |TAMS 0x0000000080400000, 0x0000000080300000| Untracked 
|   4|0x0000000080400000, 0x0000000080500000, 0x0000000080500000|100%| O|  |TAMS 0x0000000080500000, 0x0000000080400000| Untracked 
|   5|0x0000000080500000, 0x0000000080600000, 0x0000000080600000|100%| O|  |TAMS 0x0000000080600000, 0x0000000080500000| Untracked 
|   6|0x0000000080600000, 0x0000000080700000, 0x0000000080700000|100%| O|  |TAMS 0x0000000080700000, 0x0000000080600000| Untracked 
|   7|0x0000000080700000, 0x0000000080800000, 0x0000000080800000|100%| O|  |TAMS 0x0000000080800000, 0x0000000080700000| Untracked 
|   8|0x0000000080800000, 0x0000000080900000, 0x0000000080900000|100%| O|  |TAMS 0x0000000080900000, 0x0000000080800000| Untracked 
|   9|0x0000000080900000, 0x0000000080a00000, 0x0000000080a00000|100%| O|  |TAMS 0x0000000080a00000, 0x0000000080900000| Untracked 
|  10|0x0000000080a00000, 0x0000000080b00000, 0x0000000080b00000|100%| O|  |TAMS 0x0000000080b00000, 0x0000000080a00000| Untracked 
|  11|0x0000000080b00000, 0x0000000080c00000, 0x0000000080c00000|100%| O|  |TAMS 0x0000000080c00000, 0x0000000080b00000| Untracked 
|  12|0x0000000080c00000, 0x0000000080d00000, 0x0000000080d00000|100%| O|  |TAMS 0x0000000080d00000, 0x0000000080c00000| Untracked 
|  13|0x0000000080d00000, 0x0000000080e00000, 0x0000000080e00000|100%| O|  |TAMS 0x0000000080e00000, 0x0000000080d00000| Untracked 
|  14|0x0000000080e00000, 0x0000000080f00000, 0x0000000080f00000|100%| O|  |TAMS 0x0000000080f00000, 0x0000000080e00000| Untracked 
|  15|0x0000000080f00000, 0x0000000081000000, 0x0000000081000000|100%| O|  |TAMS 0x0000000081000000, 0x0000000080f00000| Untracked 
|  16|0x0000000081000000, 0x0000000081100000, 0x0000000081100000|100%|HS|  |TAMS 0x0000000081100000, 0x0000000081000000| Complete 
|  17|0x0000000081100000, 0x0000000081200000, 0x0000000081200000|100%| O|  |TAMS 0x0000000081200000, 0x0000000081100000| Untracked 
|  18|0x0000000081200000, 0x0000000081300000, 0x0000000081300000|100%| O|  |TAMS 0x0000000081300000, 0x0000000081200000| Untracked 
|  19|0x0000000081300000, 0x0000000081400000, 0x0000000081400000|100%| O|  |TAMS 0x0000000081400000, 0x0000000081300000| Untracked 
|  20|0x0000000081400000, 0x0000000081500000, 0x0000000081500000|100%| O|  |TAMS 0x0000000081500000, 0x0000000081400000| Untracked 
|  21|0x0000000081500000, 0x0000000081600000, 0x0000000081600000|100%| O|  |TAMS 0x0000000081600000, 0x0000000081500000| Untracked 
|  22|0x0000000081600000, 0x0000000081700000, 0x0000000081700000|100%| O|  |TAMS 0x0000000081700000, 0x0000000081600000| Untracked 
|  23|0x0000000081700000, 0x0000000081800000, 0x0000000081800000|100%| O|  |TAMS 0x0000000081800000, 0x0000000081700000| Untracked 
|  24|0x0000000081800000, 0x0000000081900000, 0x0000000081900000|100%| O|  |TAMS 0x0000000081900000, 0x0000000081800000| Untracked 
|  25|0x0000000081900000, 0x0000000081a00000, 0x0000000081a00000|100%| O|  |TAMS 0x0000000081a00000, 0x0000000081900000| Untracked 
|  26|0x0000000081a00000, 0x0000000081b00000, 0x0000000081b00000|100%| O|  |TAMS 0x0000000081b00000, 0x0000000081a00000| Untracked 
|  27|0x0000000081b00000, 0x0000000081c00000, 0x0000000081c00000|100%| O|  |TAMS 0x0000000081c00000, 0x0000000081b00000| Untracked 
|  28|0x0000000081c00000, 0x0000000081d00000, 0x0000000081d00000|100%|HS|  |TAMS 0x0000000081d00000, 0x0000000081c00000| Complete 
|  29|0x0000000081d00000, 0x0000000081e00000, 0x0000000081e00000|100%|HC|  |TAMS 0x0000000081e00000, 0x0000000081d00000| Complete 
|  30|0x0000000081e00000, 0x0000000081f00000, 0x0000000081f00000|100%|HC|  |TAMS 0x0000000081f00000, 0x0000000081e00000| Complete 
|  31|0x0000000081f00000, 0x0000000082000000, 0x0000000082000000|100%| O|  |TAMS 0x0000000082000000, 0x0000000081f00000| Untracked 
|  32|0x0000000082000000, 0x0000000082100000, 0x0000000082100000|100%| O|  |TAMS 0x0000000082100000, 0x0000000082000000| Untracked 
|  33|0x0000000082100000, 0x0000000082200000, 0x0000000082200000|100%| O|  |TAMS 0x0000000082200000, 0x0000000082100000| Untracked 
|  34|0x0000000082200000, 0x0000000082300000, 0x0000000082300000|100%| O|  |TAMS 0x0000000082300000, 0x0000000082200000| Untracked 
|  35|0x0000000082300000, 0x0000000082400000, 0x0000000082400000|100%| O|  |TAMS 0x0000000082400000, 0x0000000082300000| Untracked 
|  36|0x0000000082400000, 0x0000000082500000, 0x0000000082500000|100%| O|  |TAMS 0x0000000082500000, 0x0000000082400000| Untracked 
|  37|0x0000000082500000, 0x0000000082600000, 0x0000000082600000|100%| O|  |TAMS 0x0000000082600000, 0x0000000082500000| Untracked 
|  38|0x0000000082600000, 0x0000000082700000, 0x0000000082700000|100%| O|  |TAMS 0x0000000082700000, 0x0000000082600000| Untracked 
|  39|0x0000000082700000, 0x0000000082800000, 0x0000000082800000|100%| O|  |TAMS 0x0000000082800000, 0x0000000082700000| Untracked 
|  40|0x0000000082800000, 0x0000000082900000, 0x0000000082900000|100%| O|  |TAMS 0x0000000082900000, 0x0000000082800000| Untracked 
|  41|0x0000000082900000, 0x0000000082a00000, 0x0000000082a00000|100%| O|  |TAMS 0x0000000082a00000, 0x0000000082900000| Untracked 
|  42|0x0000000082a00000, 0x0000000082b00000, 0x0000000082b00000|100%| O|  |TAMS 0x0000000082b00000, 0x0000000082a00000| Untracked 
|  43|0x0000000082b00000, 0x0000000082c00000, 0x0000000082c00000|100%| O|  |TAMS 0x0000000082c00000, 0x0000000082b00000| Untracked 
|  44|0x0000000082c00000, 0x0000000082d00000, 0x0000000082d00000|100%| O|  |TAMS 0x0000000082d00000, 0x0000000082c00000| Untracked 
|  45|0x0000000082d00000, 0x0000000082e00000, 0x0000000082e00000|100%| O|  |TAMS 0x0000000082e00000, 0x0000000082d00000| Untracked 
|  46|0x0000000082e00000, 0x0000000082f00000, 0x0000000082f00000|100%|HS|  |TAMS 0x0000000082f00000, 0x0000000082e00000| Complete 
|  47|0x0000000082f00000, 0x0000000083000000, 0x0000000083000000|100%|HS|  |TAMS 0x0000000083000000, 0x0000000082f00000| Complete 
|  48|0x0000000083000000, 0x0000000083100000, 0x0000000083100000|100%|HS|  |TAMS 0x0000000083100000, 0x0000000083000000| Complete 
|  49|0x0000000083100000, 0x0000000083200000, 0x0000000083200000|100%|HC|  |TAMS 0x0000000083200000, 0x0000000083100000| Complete 
|  50|0x0000000083200000, 0x0000000083300000, 0x0000000083300000|100%| O|  |TAMS 0x0000000083300000, 0x0000000083200000| Untracked 
|  51|0x0000000083300000, 0x0000000083400000, 0x0000000083400000|100%| O|  |TAMS 0x0000000083400000, 0x0000000083300000| Untracked 
|  52|0x0000000083400000, 0x0000000083500000, 0x0000000083500000|100%| O|  |TAMS 0x0000000083500000, 0x0000000083400000| Untracked 
|  53|0x0000000083500000, 0x0000000083600000, 0x0000000083600000|100%| O|  |TAMS 0x0000000083600000, 0x0000000083500000| Untracked 
|  54|0x0000000083600000, 0x0000000083700000, 0x0000000083700000|100%| O|  |TAMS 0x0000000083700000, 0x0000000083600000| Untracked 
|  55|0x0000000083700000, 0x0000000083800000, 0x0000000083800000|100%| O|  |TAMS 0x0000000083800000, 0x0000000083700000| Untracked 
|  56|0x0000000083800000, 0x0000000083900000, 0x0000000083900000|100%| O|  |TAMS 0x0000000083900000, 0x0000000083800000| Untracked 
|  57|0x0000000083900000, 0x0000000083a00000, 0x0000000083a00000|100%| O|  |TAMS 0x0000000083a00000, 0x0000000083900000| Untracked 
|  58|0x0000000083a00000, 0x0000000083b00000, 0x0000000083b00000|100%| O|  |TAMS 0x0000000083b00000, 0x0000000083a00000| Untracked 
|  59|0x0000000083b00000, 0x0000000083c00000, 0x0000000083c00000|100%| O|  |TAMS 0x0000000083c00000, 0x0000000083b00000| Untracked 
|  60|0x0000000083c00000, 0x0000000083d00000, 0x0000000083d00000|100%| O|  |TAMS 0x0000000083d00000, 0x0000000083c00000| Untracked 
|  61|0x0000000083d00000, 0x0000000083e00000, 0x0000000083e00000|100%| O|  |TAMS 0x0000000083e00000, 0x0000000083d00000| Untracked 
|  62|0x0000000083e00000, 0x0000000083f00000, 0x0000000083f00000|100%| O|  |TAMS 0x0000000083f00000, 0x0000000083e00000| Untracked 
|  63|0x0000000083f00000, 0x0000000084000000, 0x0000000084000000|100%| O|  |TAMS 0x0000000084000000, 0x0000000083f00000| Untracked 
|  64|0x0000000084000000, 0x0000000084100000, 0x0000000084100000|100%| O|  |TAMS 0x0000000084100000, 0x0000000084000000| Untracked 
|  65|0x0000000084100000, 0x0000000084200000, 0x0000000084200000|100%| O|  |TAMS 0x0000000084200000, 0x0000000084100000| Untracked 
|  66|0x0000000084200000, 0x0000000084300000, 0x0000000084300000|100%| O|  |TAMS 0x0000000084300000, 0x0000000084200000| Untracked 
|  67|0x0000000084300000, 0x0000000084400000, 0x0000000084400000|100%| O|  |TAMS 0x0000000084400000, 0x0000000084300000| Untracked 
|  68|0x0000000084400000, 0x0000000084500000, 0x0000000084500000|100%| O|  |TAMS 0x0000000084500000, 0x0000000084400000| Untracked 
|  69|0x0000000084500000, 0x0000000084600000, 0x0000000084600000|100%| O|  |TAMS 0x0000000084600000, 0x0000000084500000| Untracked 
|  70|0x0000000084600000, 0x0000000084700000, 0x0000000084700000|100%| O|  |TAMS 0x0000000084700000, 0x0000000084600000| Untracked 
|  71|0x0000000084700000, 0x0000000084800000, 0x0000000084800000|100%| O|  |TAMS 0x0000000084800000, 0x0000000084700000| Untracked 
|  72|0x0000000084800000, 0x0000000084900000, 0x0000000084900000|100%| O|  |TAMS 0x0000000084900000, 0x0000000084800000| Untracked 
|  73|0x0000000084900000, 0x0000000084a00000, 0x0000000084a00000|100%| O|  |TAMS 0x0000000084a00000, 0x0000000084900000| Untracked 
|  74|0x0000000084a00000, 0x0000000084b00000, 0x0000000084b00000|100%| O|  |TAMS 0x0000000084b00000, 0x0000000084a00000| Untracked 
|  75|0x0000000084b00000, 0x0000000084c00000, 0x0000000084c00000|100%| O|  |TAMS 0x0000000084c00000, 0x0000000084b00000| Untracked 
|  76|0x0000000084c00000, 0x0000000084d00000, 0x0000000084d00000|100%| O|  |TAMS 0x0000000084d00000, 0x0000000084c00000| Untracked 
|  77|0x0000000084d00000, 0x0000000084e00000, 0x0000000084e00000|100%| O|  |TAMS 0x0000000084e00000, 0x0000000084d00000| Untracked 
|  78|0x0000000084e00000, 0x0000000084f00000, 0x0000000084f00000|100%| O|  |TAMS 0x0000000084f00000, 0x0000000084e00000| Untracked 
|  79|0x0000000084f00000, 0x0000000085000000, 0x0000000085000000|100%| O|  |TAMS 0x0000000085000000, 0x0000000084f00000| Untracked 
|  80|0x0000000085000000, 0x0000000085100000, 0x0000000085100000|100%| O|  |TAMS 0x0000000085100000, 0x0000000085000000| Untracked 
|  81|0x0000000085100000, 0x0000000085200000, 0x0000000085200000|100%| O|  |TAMS 0x0000000085200000, 0x0000000085100000| Untracked 
|  82|0x0000000085200000, 0x0000000085300000, 0x0000000085300000|100%| O|  |TAMS 0x0000000085300000, 0x0000000085200000| Untracked 
|  83|0x0000000085300000, 0x0000000085400000, 0x0000000085400000|100%| O|  |TAMS 0x0000000085400000, 0x0000000085300000| Untracked 
|  84|0x0000000085400000, 0x0000000085500000, 0x0000000085500000|100%| O|  |TAMS 0x0000000085500000, 0x0000000085400000| Untracked 
|  85|0x0000000085500000, 0x0000000085600000, 0x0000000085600000|100%| O|  |TAMS 0x0000000085600000, 0x0000000085500000| Untracked 
|  86|0x0000000085600000, 0x0000000085700000, 0x0000000085700000|100%| O|  |TAMS 0x0000000085700000, 0x0000000085600000| Untracked 
|  87|0x0000000085700000, 0x0000000085800000, 0x0000000085800000|100%| O|  |TAMS 0x0000000085800000, 0x0000000085700000| Untracked 
|  88|0x0000000085800000, 0x0000000085900000, 0x0000000085900000|100%| O|  |TAMS 0x0000000085900000, 0x0000000085800000| Untracked 
|  89|0x0000000085900000, 0x0000000085a00000, 0x0000000085a00000|100%| O|  |TAMS 0x0000000085a00000, 0x0000000085900000| Untracked 
|  90|0x0000000085a00000, 0x0000000085b00000, 0x0000000085b00000|100%| O|  |TAMS 0x0000000085b00000, 0x0000000085a00000| Untracked 
|  91|0x0000000085b00000, 0x0000000085c00000, 0x0000000085c00000|100%| O|  |TAMS 0x0000000085c00000, 0x0000000085b00000| Untracked 
|  92|0x0000000085c00000, 0x0000000085d00000, 0x0000000085d00000|100%| O|  |TAMS 0x0000000085d00000, 0x0000000085c00000| Untracked 
|  93|0x0000000085d00000, 0x0000000085e00000, 0x0000000085e00000|100%| O|  |TAMS 0x0000000085e00000, 0x0000000085d00000| Untracked 
|  94|0x0000000085e00000, 0x0000000085f00000, 0x0000000085f00000|100%| O|  |TAMS 0x0000000085f00000, 0x0000000085e00000| Untracked 
|  95|0x0000000085f00000, 0x0000000086000000, 0x0000000086000000|100%| O|  |TAMS 0x0000000086000000, 0x0000000085f00000| Untracked 
|  96|0x0000000086000000, 0x0000000086100000, 0x0000000086100000|100%| O|  |TAMS 0x0000000086100000, 0x0000000086000000| Untracked 
|  97|0x0000000086100000, 0x0000000086200000, 0x0000000086200000|100%| O|  |TAMS 0x0000000086200000, 0x0000000086100000| Untracked 
|  98|0x0000000086200000, 0x0000000086300000, 0x0000000086300000|100%| O|  |TAMS 0x0000000086200000, 0x0000000086200000| Untracked 
|  99|0x0000000086300000, 0x0000000086400000, 0x0000000086400000|100%| O|  |TAMS 0x0000000086300000, 0x0000000086300000| Untracked 
| 100|0x0000000086400000, 0x0000000086500000, 0x0000000086500000|100%| O|  |TAMS 0x0000000086500000, 0x0000000086400000| Untracked 
| 101|0x0000000086500000, 0x0000000086600000, 0x0000000086600000|100%| O|  |TAMS 0x0000000086500000, 0x0000000086500000| Untracked 
| 102|0x0000000086600000, 0x0000000086700000, 0x0000000086700000|100%| O|  |TAMS 0x0000000086600000, 0x0000000086600000| Untracked 
| 103|0x0000000086700000, 0x0000000086800000, 0x0000000086800000|100%| O|  |TAMS 0x0000000086700000, 0x0000000086700000| Untracked 
| 104|0x0000000086800000, 0x0000000086900000, 0x0000000086900000|100%| O|  |TAMS 0x0000000086800000, 0x0000000086800000| Untracked 
| 105|0x0000000086900000, 0x0000000086a00000, 0x0000000086a00000|100%| O|  |TAMS 0x0000000086900000, 0x0000000086900000| Untracked 
| 106|0x0000000086a00000, 0x0000000086b00000, 0x0000000086b00000|100%| O|  |TAMS 0x0000000086a00000, 0x0000000086a00000| Untracked 
| 107|0x0000000086b00000, 0x0000000086c00000, 0x0000000086c00000|100%|HS|  |TAMS 0x0000000086c00000, 0x0000000086b00000| Complete 
| 108|0x0000000086c00000, 0x0000000086d00000, 0x0000000086d00000|100%|HS|  |TAMS 0x0000000086d00000, 0x0000000086c00000| Complete 
| 109|0x0000000086d00000, 0x0000000086e00000, 0x0000000086e00000|100%| O|  |TAMS 0x0000000086e00000, 0x0000000086d00000| Untracked 
| 110|0x0000000086e00000, 0x0000000086f00000, 0x0000000086f00000|100%| O|  |TAMS 0x0000000086e00000, 0x0000000086e00000| Untracked 
| 111|0x0000000086f00000, 0x0000000087000000, 0x0000000087000000|100%|HS|  |TAMS 0x0000000087000000, 0x0000000086f00000| Complete 
| 112|0x0000000087000000, 0x0000000087100000, 0x0000000087100000|100%|HC|  |TAMS 0x0000000087100000, 0x0000000087000000| Complete 
| 113|0x0000000087100000, 0x0000000087200000, 0x0000000087200000|100%|HC|  |TAMS 0x0000000087200000, 0x0000000087100000| Complete 
| 114|0x0000000087200000, 0x0000000087300000, 0x0000000087300000|100%| O|  |TAMS 0x0000000087300000, 0x0000000087200000| Untracked 
| 115|0x0000000087300000, 0x0000000087400000, 0x0000000087400000|100%| O|  |TAMS 0x0000000087400000, 0x0000000087300000| Untracked 
| 116|0x0000000087400000, 0x0000000087500000, 0x0000000087500000|100%| O|  |TAMS 0x0000000087500000, 0x0000000087400000| Untracked 
| 117|0x0000000087500000, 0x0000000087600000, 0x0000000087600000|100%| O|  |TAMS 0x0000000087600000, 0x0000000087500000| Untracked 
| 118|0x0000000087600000, 0x0000000087700000, 0x0000000087700000|100%| O|  |TAMS 0x0000000087700000, 0x0000000087600000| Untracked 
| 119|0x0000000087700000, 0x0000000087800000, 0x0000000087800000|100%| O|  |TAMS 0x0000000087800000, 0x0000000087700000| Untracked 
| 120|0x0000000087800000, 0x0000000087900000, 0x0000000087900000|100%| O|  |TAMS 0x0000000087900000, 0x0000000087800000| Untracked 
| 121|0x0000000087900000, 0x0000000087a00000, 0x0000000087a00000|100%| O|  |TAMS 0x0000000087a00000, 0x0000000087900000| Untracked 
| 122|0x0000000087a00000, 0x0000000087b00000, 0x0000000087b00000|100%| O|  |TAMS 0x0000000087b00000, 0x0000000087a00000| Untracked 
| 123|0x0000000087b00000, 0x0000000087c00000, 0x0000000087c00000|100%| O|  |TAMS 0x0000000087c00000, 0x0000000087b00000| Untracked 
| 124|0x0000000087c00000, 0x0000000087d00000, 0x0000000087d00000|100%| O|  |TAMS 0x0000000087d00000, 0x0000000087c00000| Untracked 
| 125|0x0000000087d00000, 0x0000000087e00000, 0x0000000087e00000|100%| O|  |TAMS 0x0000000087e00000, 0x0000000087d00000| Untracked 
| 126|0x0000000087e00000, 0x0000000087f00000, 0x0000000087f00000|100%| O|  |TAMS 0x0000000087f00000, 0x0000000087e00000| Untracked 
| 127|0x0000000087f00000, 0x0000000088000000, 0x0000000088000000|100%| O|  |TAMS 0x0000000088000000, 0x0000000087f00000| Untracked 
| 128|0x0000000088000000, 0x0000000088100000, 0x0000000088100000|100%| O|  |TAMS 0x0000000088100000, 0x0000000088000000| Untracked 
| 129|0x0000000088100000, 0x0000000088200000, 0x0000000088200000|100%| O|  |TAMS 0x0000000088100000, 0x0000000088100000| Untracked 
| 130|0x0000000088200000, 0x0000000088300000, 0x0000000088300000|100%| O|  |TAMS 0x0000000088200000, 0x0000000088200000| Untracked 
| 131|0x0000000088300000, 0x0000000088400000, 0x0000000088400000|100%| O|  |TAMS 0x0000000088400000, 0x0000000088300000| Untracked 
| 132|0x0000000088400000, 0x0000000088500000, 0x0000000088500000|100%| O|  |TAMS 0x0000000088500000, 0x0000000088400000| Untracked 
| 133|0x0000000088500000, 0x0000000088600000, 0x0000000088600000|100%| O|  |TAMS 0x0000000088600000, 0x0000000088500000| Untracked 
| 134|0x0000000088600000, 0x0000000088700000, 0x0000000088700000|100%| O|  |TAMS 0x0000000088700000, 0x0000000088600000| Untracked 
| 135|0x0000000088700000, 0x0000000088800000, 0x0000000088800000|100%| O|  |TAMS 0x0000000088800000, 0x0000000088700000| Untracked 
| 136|0x0000000088800000, 0x0000000088900000, 0x0000000088900000|100%| O|  |TAMS 0x0000000088900000, 0x0000000088800000| Untracked 
| 137|0x0000000088900000, 0x0000000088a00000, 0x0000000088a00000|100%| O|  |TAMS 0x0000000088a00000, 0x0000000088900000| Untracked 
| 138|0x0000000088a00000, 0x0000000088b00000, 0x0000000088b00000|100%| O|  |TAMS 0x0000000088b00000, 0x0000000088a00000| Untracked 
| 139|0x0000000088b00000, 0x0000000088c00000, 0x0000000088c00000|100%| O|  |TAMS 0x0000000088c00000, 0x0000000088b00000| Untracked 
| 140|0x0000000088c00000, 0x0000000088d00000, 0x0000000088d00000|100%| O|  |TAMS 0x0000000088c00000, 0x0000000088c00000| Untracked 
| 141|0x0000000088d00000, 0x0000000088e00000, 0x0000000088e00000|100%| O|  |TAMS 0x0000000088d00000, 0x0000000088d00000| Untracked 
| 142|0x0000000088e00000, 0x0000000088f00000, 0x0000000088f00000|100%| O|  |TAMS 0x0000000088e00000, 0x0000000088e00000| Untracked 
| 143|0x0000000088f00000, 0x0000000089000000, 0x0000000089000000|100%| O|  |TAMS 0x0000000088f00000, 0x0000000088f00000| Untracked 
| 144|0x0000000089000000, 0x0000000089100000, 0x0000000089100000|100%| O|  |TAMS 0x0000000089100000, 0x0000000089000000| Untracked 
| 145|0x0000000089100000, 0x0000000089200000, 0x0000000089200000|100%| O|  |TAMS 0x0000000089200000, 0x0000000089100000| Untracked 
| 146|0x0000000089200000, 0x0000000089300000, 0x0000000089300000|100%|HS|  |TAMS 0x0000000089200000, 0x0000000089200000| Complete 
| 147|0x0000000089300000, 0x0000000089400000, 0x0000000089400000|100%|HC|  |TAMS 0x0000000089300000, 0x0000000089300000| Complete 
| 148|0x0000000089400000, 0x0000000089500000, 0x0000000089500000|100%| O|  |TAMS 0x0000000089500000, 0x0000000089400000| Untracked 
| 149|0x0000000089500000, 0x0000000089600000, 0x0000000089600000|100%| O|  |TAMS 0x0000000089600000, 0x0000000089500000| Untracked 
| 150|0x0000000089600000, 0x0000000089700000, 0x0000000089700000|100%| O|  |TAMS 0x0000000089600000, 0x0000000089600000| Untracked 
| 151|0x0000000089700000, 0x0000000089800000, 0x0000000089800000|100%| O|  |TAMS 0x0000000089800000, 0x0000000089700000| Untracked 
| 152|0x0000000089800000, 0x0000000089900000, 0x0000000089900000|100%| O|  |TAMS 0x0000000089900000, 0x0000000089800000| Untracked 
| 153|0x0000000089900000, 0x0000000089a00000, 0x0000000089a00000|100%| O|  |TAMS 0x0000000089a00000, 0x0000000089900000| Untracked 
| 154|0x0000000089a00000, 0x0000000089b00000, 0x0000000089b00000|100%| O|  |TAMS 0x0000000089a00000, 0x0000000089a00000| Untracked 
| 155|0x0000000089b00000, 0x0000000089c00000, 0x0000000089c00000|100%| O|  |TAMS 0x0000000089c00000, 0x0000000089b00000| Untracked 
| 156|0x0000000089c00000, 0x0000000089d00000, 0x0000000089d00000|100%| O|  |TAMS 0x0000000089d00000, 0x0000000089c00000| Untracked 
| 157|0x0000000089d00000, 0x0000000089e00000, 0x0000000089e00000|100%| O|  |TAMS 0x0000000089e00000, 0x0000000089d00000| Untracked 
| 158|0x0000000089e00000, 0x0000000089f00000, 0x0000000089f00000|100%| O|  |TAMS 0x0000000089f00000, 0x0000000089e00000| Untracked 
| 159|0x0000000089f00000, 0x000000008a000000, 0x000000008a000000|100%| O|  |TAMS 0x000000008a000000, 0x0000000089f00000| Untracked 
| 160|0x000000008a000000, 0x000000008a100000, 0x000000008a100000|100%| O|  |TAMS 0x000000008a100000, 0x000000008a000000| Untracked 
| 161|0x000000008a100000, 0x000000008a200000, 0x000000008a200000|100%| O|  |TAMS 0x000000008a200000, 0x000000008a100000| Untracked 
| 162|0x000000008a200000, 0x000000008a300000, 0x000000008a300000|100%| O|  |TAMS 0x000000008a300000, 0x000000008a200000| Untracked 
| 163|0x000000008a300000, 0x000000008a400000, 0x000000008a400000|100%| O|  |TAMS 0x000000008a400000, 0x000000008a300000| Untracked 
| 164|0x000000008a400000, 0x000000008a500000, 0x000000008a500000|100%| O|  |TAMS 0x000000008a500000, 0x000000008a400000| Untracked 
| 165|0x000000008a500000, 0x000000008a600000, 0x000000008a600000|100%| O|  |TAMS 0x000000008a600000, 0x000000008a500000| Untracked 
| 166|0x000000008a600000, 0x000000008a700000, 0x000000008a700000|100%| O|  |TAMS 0x000000008a600000, 0x000000008a600000| Untracked 
| 167|0x000000008a700000, 0x000000008a800000, 0x000000008a800000|100%| O|  |TAMS 0x000000008a700000, 0x000000008a700000| Untracked 
| 168|0x000000008a800000, 0x000000008a900000, 0x000000008a900000|100%| O|  |TAMS 0x000000008a800000, 0x000000008a800000| Untracked 
| 169|0x000000008a900000, 0x000000008aa00000, 0x000000008aa00000|100%| O|  |TAMS 0x000000008a900000, 0x000000008a900000| Untracked 
| 170|0x000000008aa00000, 0x000000008ab00000, 0x000000008ab00000|100%| O|  |TAMS 0x000000008aa00000, 0x000000008aa00000| Untracked 
| 171|0x000000008ab00000, 0x000000008ac00000, 0x000000008ac00000|100%| O|  |TAMS 0x000000008ab00000, 0x000000008ab00000| Untracked 
| 172|0x000000008ac00000, 0x000000008ad00000, 0x000000008ad00000|100%| O|  |TAMS 0x000000008ac00000, 0x000000008ac00000| Untracked 
| 173|0x000000008ad00000, 0x000000008ae00000, 0x000000008ae00000|100%| O|  |TAMS 0x000000008ad00000, 0x000000008ad00000| Untracked 
| 174|0x000000008ae00000, 0x000000008af00000, 0x000000008af00000|100%|HS|  |TAMS 0x000000008af00000, 0x000000008ae00000| Complete 
| 175|0x000000008af00000, 0x000000008b000000, 0x000000008b000000|100%|HC|  |TAMS 0x000000008b000000, 0x000000008af00000| Complete 
| 176|0x000000008b000000, 0x000000008b100000, 0x000000008b100000|100%| O|  |TAMS 0x000000008b100000, 0x000000008b000000| Untracked 
| 177|0x000000008b100000, 0x000000008b200000, 0x000000008b200000|100%| O|  |TAMS 0x000000008b200000, 0x000000008b100000| Untracked 
| 178|0x000000008b200000, 0x000000008b300000, 0x000000008b300000|100%| O|  |TAMS 0x000000008b300000, 0x000000008b200000| Untracked 
| 179|0x000000008b300000, 0x000000008b400000, 0x000000008b400000|100%| O|  |TAMS 0x000000008b400000, 0x000000008b300000| Untracked 
| 180|0x000000008b400000, 0x000000008b500000, 0x000000008b500000|100%| O|  |TAMS 0x000000008b500000, 0x000000008b400000| Untracked 
| 181|0x000000008b500000, 0x000000008b600000, 0x000000008b600000|100%| O|  |TAMS 0x000000008b500000, 0x000000008b500000| Untracked 
| 182|0x000000008b600000, 0x000000008b700000, 0x000000008b700000|100%| O|  |TAMS 0x000000008b700000, 0x000000008b600000| Untracked 
| 183|0x000000008b700000, 0x000000008b800000, 0x000000008b800000|100%| O|  |TAMS 0x000000008b800000, 0x000000008b700000| Untracked 
| 184|0x000000008b800000, 0x000000008b900000, 0x000000008b900000|100%| O|  |TAMS 0x000000008b900000, 0x000000008b800000| Untracked 
| 185|0x000000008b900000, 0x000000008ba00000, 0x000000008ba00000|100%| O|  |TAMS 0x000000008ba00000, 0x000000008b900000| Untracked 
| 186|0x000000008ba00000, 0x000000008bb00000, 0x000000008bb00000|100%| O|  |TAMS 0x000000008bb00000, 0x000000008ba00000| Untracked 
| 187|0x000000008bb00000, 0x000000008bc00000, 0x000000008bc00000|100%| O|  |TAMS 0x000000008bc00000, 0x000000008bb00000| Untracked 
| 188|0x000000008bc00000, 0x000000008bd00000, 0x000000008bd00000|100%| O|  |TAMS 0x000000008bd00000, 0x000000008bc00000| Untracked 
| 189|0x000000008bd00000, 0x000000008be00000, 0x000000008be00000|100%| O|  |TAMS 0x000000008be00000, 0x000000008bd00000| Untracked 
| 190|0x000000008be00000, 0x000000008bf00000, 0x000000008bf00000|100%| O|  |TAMS 0x000000008be8ce00, 0x000000008be00000| Untracked 
| 191|0x000000008bf00000, 0x000000008c000000, 0x000000008c000000|100%| O|  |TAMS 0x000000008bf00000, 0x000000008bf00000| Untracked 
| 192|0x000000008c000000, 0x000000008c100000, 0x000000008c100000|100%| O|  |TAMS 0x000000008c000000, 0x000000008c000000| Untracked 
| 193|0x000000008c100000, 0x000000008c200000, 0x000000008c200000|100%| O|  |TAMS 0x000000008c100000, 0x000000008c100000| Untracked 
| 194|0x000000008c200000, 0x000000008c300000, 0x000000008c300000|100%| O|  |TAMS 0x000000008c200000, 0x000000008c200000| Untracked 
| 195|0x000000008c300000, 0x000000008c400000, 0x000000008c400000|100%| O|  |TAMS 0x000000008c300000, 0x000000008c300000| Untracked 
| 196|0x000000008c400000, 0x000000008c500000, 0x000000008c500000|100%| O|  |TAMS 0x000000008c400000, 0x000000008c400000| Untracked 
| 197|0x000000008c500000, 0x000000008c600000, 0x000000008c600000|100%| O|  |TAMS 0x000000008c500000, 0x000000008c500000| Untracked 
| 198|0x000000008c600000, 0x000000008c700000, 0x000000008c700000|100%| O|  |TAMS 0x000000008c600000, 0x000000008c600000| Untracked 
| 199|0x000000008c700000, 0x000000008c800000, 0x000000008c800000|100%| O|  |TAMS 0x000000008c700000, 0x000000008c700000| Untracked 
| 200|0x000000008c800000, 0x000000008c900000, 0x000000008c900000|100%| O|  |TAMS 0x000000008c800000, 0x000000008c800000| Untracked 
| 201|0x000000008c900000, 0x000000008ca00000, 0x000000008ca00000|100%| O|  |TAMS 0x000000008c900000, 0x000000008c900000| Untracked 
| 202|0x000000008ca00000, 0x000000008cb00000, 0x000000008cb00000|100%| O|  |TAMS 0x000000008ca00000, 0x000000008ca00000| Untracked 
| 203|0x000000008cb00000, 0x000000008cc00000, 0x000000008cc00000|100%| O|  |TAMS 0x000000008cb00000, 0x000000008cb00000| Untracked 
| 204|0x000000008cc00000, 0x000000008cd00000, 0x000000008cd00000|100%| O|  |TAMS 0x000000008cc00000, 0x000000008cc00000| Untracked 
| 205|0x000000008cd00000, 0x000000008ce00000, 0x000000008ce00000|100%| O|  |TAMS 0x000000008cd00000, 0x000000008cd00000| Untracked 
| 206|0x000000008ce00000, 0x000000008cf00000, 0x000000008cf00000|100%| O|  |TAMS 0x000000008ce00000, 0x000000008ce00000| Untracked 
| 207|0x000000008cf00000, 0x000000008d000000, 0x000000008d000000|100%| O|  |TAMS 0x000000008cf00000, 0x000000008cf00000| Untracked 
| 208|0x000000008d000000, 0x000000008d100000, 0x000000008d100000|100%| O|  |TAMS 0x000000008d000000, 0x000000008d000000| Untracked 
| 209|0x000000008d100000, 0x000000008d100000, 0x000000008d200000|  0%| F|  |TAMS 0x000000008d100000, 0x000000008d100000| Untracked 
| 210|0x000000008d200000, 0x000000008d200000, 0x000000008d300000|  0%| F|  |TAMS 0x000000008d200000, 0x000000008d200000| Untracked 
| 211|0x000000008d300000, 0x000000008d300000, 0x000000008d400000|  0%| F|  |TAMS 0x000000008d300000, 0x000000008d300000| Untracked 
| 212|0x000000008d400000, 0x000000008d400000, 0x000000008d500000|  0%| F|  |TAMS 0x000000008d400000, 0x000000008d400000| Untracked 
| 213|0x000000008d500000, 0x000000008d500000, 0x000000008d600000|  0%| F|  |TAMS 0x000000008d500000, 0x000000008d500000| Untracked 
| 214|0x000000008d600000, 0x000000008d600000, 0x000000008d700000|  0%| F|  |TAMS 0x000000008d600000, 0x000000008d600000| Untracked 
| 215|0x000000008d700000, 0x000000008d700000, 0x000000008d800000|  0%| F|  |TAMS 0x000000008d700000, 0x000000008d700000| Untracked 
| 216|0x000000008d800000, 0x000000008d800000, 0x000000008d900000|  0%| F|  |TAMS 0x000000008d800000, 0x000000008d800000| Untracked 
| 217|0x000000008d900000, 0x000000008d900000, 0x000000008da00000|  0%| F|  |TAMS 0x000000008d900000, 0x000000008d900000| Untracked 
| 218|0x000000008da00000, 0x000000008da00000, 0x000000008db00000|  0%| F|  |TAMS 0x000000008da00000, 0x000000008da00000| Untracked 
| 219|0x000000008db00000, 0x000000008db00000, 0x000000008dc00000|  0%| F|  |TAMS 0x000000008db00000, 0x000000008db00000| Untracked 
| 220|0x000000008dc00000, 0x000000008dc00000, 0x000000008dd00000|  0%| F|  |TAMS 0x000000008dc00000, 0x000000008dc00000| Untracked 
| 221|0x000000008dd00000, 0x000000008dd00000, 0x000000008de00000|  0%| F|  |TAMS 0x000000008dd00000, 0x000000008dd00000| Untracked 
| 222|0x000000008de00000, 0x000000008de00000, 0x000000008df00000|  0%| F|  |TAMS 0x000000008de00000, 0x000000008de00000| Untracked 
| 223|0x000000008df00000, 0x000000008df00000, 0x000000008e000000|  0%| F|  |TAMS 0x000000008df00000, 0x000000008df00000| Untracked 
| 224|0x000000008e000000, 0x000000008e000000, 0x000000008e100000|  0%| F|  |TAMS 0x000000008e000000, 0x000000008e000000| Untracked 
| 225|0x000000008e100000, 0x000000008e100000, 0x000000008e200000|  0%| F|  |TAMS 0x000000008e100000, 0x000000008e100000| Untracked 
| 226|0x000000008e200000, 0x000000008e200000, 0x000000008e300000|  0%| F|  |TAMS 0x000000008e200000, 0x000000008e200000| Untracked 
| 227|0x000000008e300000, 0x000000008e300000, 0x000000008e400000|  0%| F|  |TAMS 0x000000008e300000, 0x000000008e300000| Untracked 
| 228|0x000000008e400000, 0x000000008e400000, 0x000000008e500000|  0%| F|  |TAMS 0x000000008e400000, 0x000000008e400000| Untracked 
| 229|0x000000008e500000, 0x000000008e500000, 0x000000008e600000|  0%| F|  |TAMS 0x000000008e500000, 0x000000008e500000| Untracked 
| 230|0x000000008e600000, 0x000000008e600000, 0x000000008e700000|  0%| F|  |TAMS 0x000000008e600000, 0x000000008e600000| Untracked 
| 231|0x000000008e700000, 0x000000008e700000, 0x000000008e800000|  0%| F|  |TAMS 0x000000008e700000, 0x000000008e700000| Untracked 
| 232|0x000000008e800000, 0x000000008e800000, 0x000000008e900000|  0%| F|  |TAMS 0x000000008e800000, 0x000000008e800000| Untracked 
| 233|0x000000008e900000, 0x000000008e900000, 0x000000008ea00000|  0%| F|  |TAMS 0x000000008e900000, 0x000000008e900000| Untracked 
| 234|0x000000008ea00000, 0x000000008ea00000, 0x000000008eb00000|  0%| F|  |TAMS 0x000000008ea00000, 0x000000008ea00000| Untracked 
| 235|0x000000008eb00000, 0x000000008eb00000, 0x000000008ec00000|  0%| F|  |TAMS 0x000000008eb00000, 0x000000008eb00000| Untracked 
| 236|0x000000008ec00000, 0x000000008ec00000, 0x000000008ed00000|  0%| F|  |TAMS 0x000000008ec00000, 0x000000008ec00000| Untracked 
| 237|0x000000008ed00000, 0x000000008ed00000, 0x000000008ee00000|  0%| F|  |TAMS 0x000000008ed00000, 0x000000008ed00000| Untracked 
| 238|0x000000008ee00000, 0x000000008ee00000, 0x000000008ef00000|  0%| F|  |TAMS 0x000000008ee00000, 0x000000008ee00000| Untracked 
| 239|0x000000008ef00000, 0x000000008ef00000, 0x000000008f000000|  0%| F|  |TAMS 0x000000008ef00000, 0x000000008ef00000| Untracked 
| 240|0x000000008f000000, 0x000000008f000000, 0x000000008f100000|  0%| F|  |TAMS 0x000000008f000000, 0x000000008f000000| Untracked 
| 241|0x000000008f100000, 0x000000008f100000, 0x000000008f200000|  0%| F|  |TAMS 0x000000008f100000, 0x000000008f100000| Untracked 
| 242|0x000000008f200000, 0x000000008f200000, 0x000000008f300000|  0%| F|  |TAMS 0x000000008f200000, 0x000000008f200000| Untracked 
| 243|0x000000008f300000, 0x000000008f300000, 0x000000008f400000|  0%| F|  |TAMS 0x000000008f300000, 0x000000008f300000| Untracked 
| 244|0x000000008f400000, 0x000000008f400000, 0x000000008f500000|  0%| F|  |TAMS 0x000000008f400000, 0x000000008f400000| Untracked 
| 245|0x000000008f500000, 0x000000008f500000, 0x000000008f600000|  0%| F|  |TAMS 0x000000008f500000, 0x000000008f500000| Untracked 
| 246|0x000000008f600000, 0x000000008f600000, 0x000000008f700000|  0%| F|  |TAMS 0x000000008f600000, 0x000000008f600000| Untracked 
| 247|0x000000008f700000, 0x000000008f700000, 0x000000008f800000|  0%| F|  |TAMS 0x000000008f700000, 0x000000008f700000| Untracked 
| 248|0x000000008f800000, 0x000000008f800000, 0x000000008f900000|  0%| F|  |TAMS 0x000000008f800000, 0x000000008f800000| Untracked 
| 249|0x000000008f900000, 0x000000008f900000, 0x000000008fa00000|  0%| F|  |TAMS 0x000000008f900000, 0x000000008f900000| Untracked 
| 250|0x000000008fa00000, 0x000000008fa00000, 0x000000008fb00000|  0%| F|  |TAMS 0x000000008fa00000, 0x000000008fa00000| Untracked 
| 251|0x000000008fb00000, 0x000000008fb00000, 0x000000008fc00000|  0%| F|  |TAMS 0x000000008fb00000, 0x000000008fb00000| Untracked 
| 252|0x000000008fc00000, 0x000000008fc00000, 0x000000008fd00000|  0%| F|  |TAMS 0x000000008fc00000, 0x000000008fc00000| Untracked 
| 253|0x000000008fd00000, 0x000000008fd00000, 0x000000008fe00000|  0%| F|  |TAMS 0x000000008fd00000, 0x000000008fd00000| Untracked 
| 254|0x000000008fe00000, 0x000000008fe00000, 0x000000008ff00000|  0%| F|  |TAMS 0x000000008fe00000, 0x000000008fe00000| Untracked 
| 255|0x000000008ff00000, 0x000000008ff00000, 0x0000000090000000|  0%| F|  |TAMS 0x000000008ff00000, 0x000000008ff00000| Untracked 
| 256|0x0000000090000000, 0x0000000090000000, 0x0000000090100000|  0%| F|  |TAMS 0x0000000090000000, 0x0000000090000000| Untracked 
| 257|0x0000000090100000, 0x0000000090100000, 0x0000000090200000|  0%| F|  |TAMS 0x0000000090100000, 0x0000000090100000| Untracked 
| 258|0x0000000090200000, 0x0000000090200000, 0x0000000090300000|  0%| F|  |TAMS 0x0000000090200000, 0x0000000090200000| Untracked 
| 259|0x0000000090300000, 0x0000000090300000, 0x0000000090400000|  0%| F|  |TAMS 0x0000000090300000, 0x0000000090300000| Untracked 
| 260|0x0000000090400000, 0x0000000090400000, 0x0000000090500000|  0%| F|  |TAMS 0x0000000090400000, 0x0000000090400000| Untracked 
| 261|0x0000000090500000, 0x0000000090500000, 0x0000000090600000|  0%| F|  |TAMS 0x0000000090500000, 0x0000000090500000| Untracked 
| 262|0x0000000090600000, 0x0000000090600000, 0x0000000090700000|  0%| F|  |TAMS 0x0000000090600000, 0x0000000090600000| Untracked 
| 263|0x0000000090700000, 0x0000000090700000, 0x0000000090800000|  0%| F|  |TAMS 0x0000000090700000, 0x0000000090700000| Untracked 
| 264|0x0000000090800000, 0x0000000090800000, 0x0000000090900000|  0%| F|  |TAMS 0x0000000090800000, 0x0000000090800000| Untracked 
| 265|0x0000000090900000, 0x0000000090900000, 0x0000000090a00000|  0%| F|  |TAMS 0x0000000090900000, 0x0000000090900000| Untracked 
| 266|0x0000000090a00000, 0x0000000090a00000, 0x0000000090b00000|  0%| F|  |TAMS 0x0000000090a00000, 0x0000000090a00000| Untracked 
| 267|0x0000000090b00000, 0x0000000090b00000, 0x0000000090c00000|  0%| F|  |TAMS 0x0000000090b00000, 0x0000000090b00000| Untracked 
| 268|0x0000000090c00000, 0x0000000090c00000, 0x0000000090d00000|  0%| F|  |TAMS 0x0000000090c00000, 0x0000000090c00000| Untracked 
| 269|0x0000000090d00000, 0x0000000090d00000, 0x0000000090e00000|  0%| F|  |TAMS 0x0000000090d00000, 0x0000000090d00000| Untracked 
| 270|0x0000000090e00000, 0x0000000090e00000, 0x0000000090f00000|  0%| F|  |TAMS 0x0000000090e00000, 0x0000000090e00000| Untracked 
| 271|0x0000000090f00000, 0x0000000090f00000, 0x0000000091000000|  0%| F|  |TAMS 0x0000000090f00000, 0x0000000090f00000| Untracked 
| 272|0x0000000091000000, 0x0000000091000000, 0x0000000091100000|  0%| F|  |TAMS 0x0000000091000000, 0x0000000091000000| Untracked 
| 273|0x0000000091100000, 0x0000000091100000, 0x0000000091200000|  0%| F|  |TAMS 0x0000000091100000, 0x0000000091100000| Untracked 
| 274|0x0000000091200000, 0x00000000912dc5e0, 0x0000000091300000| 86%| S|CS|TAMS 0x0000000091200000, 0x0000000091200000| Complete 
| 275|0x0000000091300000, 0x0000000091400000, 0x0000000091400000|100%| S|CS|TAMS 0x0000000091300000, 0x0000000091300000| Complete 
| 276|0x0000000091400000, 0x0000000091500000, 0x0000000091500000|100%| S|CS|TAMS 0x0000000091400000, 0x0000000091400000| Complete 
| 277|0x0000000091500000, 0x0000000091600000, 0x0000000091600000|100%| S|CS|TAMS 0x0000000091500000, 0x0000000091500000| Complete 
| 278|0x0000000091600000, 0x0000000091700000, 0x0000000091700000|100%| S|CS|TAMS 0x0000000091600000, 0x0000000091600000| Complete 
| 279|0x0000000091700000, 0x0000000091800000, 0x0000000091800000|100%| S|CS|TAMS 0x0000000091700000, 0x0000000091700000| Complete 
| 280|0x0000000091800000, 0x0000000091800000, 0x0000000091900000|  0%| F|  |TAMS 0x0000000091800000, 0x0000000091800000| Untracked 
| 281|0x0000000091900000, 0x0000000091900000, 0x0000000091a00000|  0%| F|  |TAMS 0x0000000091900000, 0x0000000091900000| Untracked 
| 282|0x0000000091a00000, 0x0000000091a00000, 0x0000000091b00000|  0%| F|  |TAMS 0x0000000091a00000, 0x0000000091a00000| Untracked 
| 283|0x0000000091b00000, 0x0000000091b00000, 0x0000000091c00000|  0%| F|  |TAMS 0x0000000091b00000, 0x0000000091b00000| Untracked 
| 284|0x0000000091c00000, 0x0000000091c00000, 0x0000000091d00000|  0%| F|  |TAMS 0x0000000091c00000, 0x0000000091c00000| Untracked 
| 285|0x0000000091d00000, 0x0000000091d00000, 0x0000000091e00000|  0%| F|  |TAMS 0x0000000091d00000, 0x0000000091d00000| Untracked 
| 286|0x0000000091e00000, 0x0000000091e00000, 0x0000000091f00000|  0%| F|  |TAMS 0x0000000091e00000, 0x0000000091e00000| Untracked 
| 287|0x0000000091f00000, 0x0000000091f00000, 0x0000000092000000|  0%| F|  |TAMS 0x0000000091f00000, 0x0000000091f00000| Untracked 
| 288|0x0000000092000000, 0x0000000092000000, 0x0000000092100000|  0%| F|  |TAMS 0x0000000092000000, 0x0000000092000000| Untracked 
| 289|0x0000000092100000, 0x0000000092100000, 0x0000000092200000|  0%| F|  |TAMS 0x0000000092100000, 0x0000000092100000| Untracked 
| 290|0x0000000092200000, 0x0000000092200000, 0x0000000092300000|  0%| F|  |TAMS 0x0000000092200000, 0x0000000092200000| Untracked 
| 291|0x0000000092300000, 0x0000000092300000, 0x0000000092400000|  0%| F|  |TAMS 0x0000000092300000, 0x0000000092300000| Untracked 
| 292|0x0000000092400000, 0x0000000092400000, 0x0000000092500000|  0%| F|  |TAMS 0x0000000092400000, 0x0000000092400000| Untracked 
| 293|0x0000000092500000, 0x0000000092500000, 0x0000000092600000|  0%| F|  |TAMS 0x0000000092500000, 0x0000000092500000| Untracked 
| 294|0x0000000092600000, 0x0000000092600000, 0x0000000092700000|  0%| F|  |TAMS 0x0000000092600000, 0x0000000092600000| Untracked 
| 295|0x0000000092700000, 0x0000000092700000, 0x0000000092800000|  0%| F|  |TAMS 0x0000000092700000, 0x0000000092700000| Untracked 
| 296|0x0000000092800000, 0x0000000092800000, 0x0000000092900000|  0%| F|  |TAMS 0x0000000092800000, 0x0000000092800000| Untracked 
| 297|0x0000000092900000, 0x0000000092900000, 0x0000000092a00000|  0%| F|  |TAMS 0x0000000092900000, 0x0000000092900000| Untracked 
| 298|0x0000000092a00000, 0x0000000092a00000, 0x0000000092b00000|  0%| F|  |TAMS 0x0000000092a00000, 0x0000000092a00000| Untracked 
| 299|0x0000000092b00000, 0x0000000092b00000, 0x0000000092c00000|  0%| F|  |TAMS 0x0000000092b00000, 0x0000000092b00000| Untracked 
| 300|0x0000000092c00000, 0x0000000092c00000, 0x0000000092d00000|  0%| F|  |TAMS 0x0000000092c00000, 0x0000000092c00000| Untracked 
| 301|0x0000000092d00000, 0x0000000092d00000, 0x0000000092e00000|  0%| F|  |TAMS 0x0000000092d00000, 0x0000000092d00000| Untracked 
| 302|0x0000000092e00000, 0x0000000092e00000, 0x0000000092f00000|  0%| F|  |TAMS 0x0000000092e00000, 0x0000000092e00000| Untracked 
| 303|0x0000000092f00000, 0x0000000092f00000, 0x0000000093000000|  0%| F|  |TAMS 0x0000000092f00000, 0x0000000092f00000| Untracked 
| 304|0x0000000093000000, 0x0000000093000000, 0x0000000093100000|  0%| F|  |TAMS 0x0000000093000000, 0x0000000093000000| Untracked 
| 305|0x0000000093100000, 0x0000000093100000, 0x0000000093200000|  0%| F|  |TAMS 0x0000000093100000, 0x0000000093100000| Untracked 
| 306|0x0000000093200000, 0x0000000093200000, 0x0000000093300000|  0%| F|  |TAMS 0x0000000093200000, 0x0000000093200000| Untracked 
| 307|0x0000000093300000, 0x0000000093380028, 0x0000000093400000| 50%| E|  |TAMS 0x0000000093300000, 0x0000000093300000| Complete 
| 308|0x0000000093400000, 0x0000000093500000, 0x0000000093500000|100%| E|CS|TAMS 0x0000000093400000, 0x0000000093400000| Complete 
| 309|0x0000000093500000, 0x0000000093600000, 0x0000000093600000|100%| E|CS|TAMS 0x0000000093500000, 0x0000000093500000| Complete 
| 310|0x0000000093600000, 0x0000000093700000, 0x0000000093700000|100%| E|CS|TAMS 0x0000000093600000, 0x0000000093600000| Complete 
| 311|0x0000000093700000, 0x0000000093800000, 0x0000000093800000|100%| E|CS|TAMS 0x0000000093700000, 0x0000000093700000| Complete 
| 312|0x0000000093800000, 0x0000000093900000, 0x0000000093900000|100%| E|CS|TAMS 0x0000000093800000, 0x0000000093800000| Complete 
| 313|0x0000000093900000, 0x0000000093a00000, 0x0000000093a00000|100%| E|CS|TAMS 0x0000000093900000, 0x0000000093900000| Complete 
| 314|0x0000000093a00000, 0x0000000093b00000, 0x0000000093b00000|100%| E|CS|TAMS 0x0000000093a00000, 0x0000000093a00000| Complete 
| 315|0x0000000093b00000, 0x0000000093c00000, 0x0000000093c00000|100%| E|CS|TAMS 0x0000000093b00000, 0x0000000093b00000| Complete 
| 316|0x0000000093c00000, 0x0000000093d00000, 0x0000000093d00000|100%| E|CS|TAMS 0x0000000093c00000, 0x0000000093c00000| Complete 
| 317|0x0000000093d00000, 0x0000000093e00000, 0x0000000093e00000|100%| E|CS|TAMS 0x0000000093d00000, 0x0000000093d00000| Complete 
| 318|0x0000000093e00000, 0x0000000093f00000, 0x0000000093f00000|100%| E|CS|TAMS 0x0000000093e00000, 0x0000000093e00000| Complete 
| 319|0x0000000093f00000, 0x0000000094000000, 0x0000000094000000|100%| E|CS|TAMS 0x0000000093f00000, 0x0000000093f00000| Complete 
| 320|0x0000000094000000, 0x0000000094100000, 0x0000000094100000|100%| E|CS|TAMS 0x0000000094000000, 0x0000000094000000| Complete 

Card table byte_map: [0x0000005df1ae0000,0x0000005df1ee0000] _byte_map_base: 0x0000005df16e0000

Marking Bits (Prev, Next): (CMBitMap*) 0x0000005dda294f08, (CMBitMap*) 0x0000005dda294f40
 Prev Bits: [0x0000005df22e0000, 0x0000005df42e0000)
 Next Bits: [0x0000005df42e0000, 0x0000005df62e0000)

Polling page: 0x0000005dd8100000

Metaspace:

Usage:
  Non-class:    138.26 MB capacity,   135.45 MB ( 98%) used,     2.32 MB (  2%) free+waste,   492.88 KB ( <1%) overhead. 
      Class:     21.21 MB capacity,    19.45 MB ( 92%) used,     1.55 MB (  7%) free+waste,   220.88 KB (  1%) overhead. 
       Both:    159.47 MB capacity,   154.90 MB ( 97%) used,     3.87 MB (  2%) free+waste,   713.75 KB ( <1%) overhead. 

Virtual space:
  Non-class space:      140.00 MB reserved,     138.50 MB ( 99%) committed 
      Class space:      504.00 MB reserved,      21.25 MB (  4%) committed 
             Both:      644.00 MB reserved,     159.75 MB ( 25%) committed 

Chunk freelists:
   Non-Class:  7.25 KB
       Class:  512 bytes
        Both:  7.75 KB

CodeHeap 'non-profiled nmethods': size=120064Kb used=17475Kb max_used=17528Kb free=102588Kb
 bounds [0x0000005dea1a0000, 0x0000005deb300000, 0x0000005df16e0000]
CodeHeap 'profiled nmethods': size=120000Kb used=48588Kb max_used=48588Kb free=71411Kb
 bounds [0x0000005de2c70000, 0x0000005de5c30000, 0x0000005dea1a0000]
CodeHeap 'non-nmethods': size=5696Kb used=2425Kb max_used=2487Kb free=3270Kb
 bounds [0x0000005de26e0000, 0x0000005de2970000, 0x0000005de2c70000]
 total_blobs=23596 nmethods=22518 adapters=987
 compilation: enabled
              stopped_count=0, restarted_count=0
 full_count=0

Compilation events (10 events):
Event: 375.670 Thread 0x0000005df8b19000 27427       2       com.android.tools.r8.internal.Fq::hasNext (13 bytes)
Event: 375.670 Thread 0x0000005df8b19000 nmethod 27427 0x0000005de5393f90 code [0x0000005de5394120, 0x0000005de5394238]
Event: 375.671 Thread 0x0000005df8b19000 27428       2       com.android.tools.r8.internal.Hq::get (106 bytes)
Event: 375.671 Thread 0x0000005df8b19000 nmethod 27428 0x0000005de53a5090 code [0x0000005de53a5260, 0x0000005de53a5558]
Event: 375.672 Thread 0x0000005df8b19000 27429       1       com.android.tools.r8.internal.LJ$b::c (2 bytes)
Event: 375.672 Thread 0x0000005df8b19000 nmethod 27429 0x0000005deab83e90 code [0x0000005deab84020, 0x0000005deab840d8]
Event: 375.673 Thread 0x0000005df8b19000 27430       2       com.android.tools.r8.internal.ac::a (101 bytes)
Event: 375.674 Thread 0x0000005df8b19000 nmethod 27430 0x0000005de53a4a90 code [0x0000005de53a4c80, 0x0000005de53a4f28]
Event: 375.674 Thread 0x0000005df8b19000 27431       2       com.android.tools.r8.internal.lV$$Lambda$2000/0x00000001014da040::test (9 bytes)
Event: 375.674 Thread 0x0000005df8b19000 nmethod 27431 0x0000005de53a4690 code [0x0000005de53a4840, 0x0000005de53a4988]

GC Heap History (10 events):
Event: 371.046 GC heap before
{Heap before GC invocations=228 (full 0):
 garbage-first heap   total 273408K, used 236544K [0x0000000080000000, 0x0000000100000000)
  region size 1024K, 55 young (56320K), 8 survivors (8192K)
 Metaspace       used 152392K, capacity 156805K, committed 156928K, reserved 653312K
  class space    used 19023K, capacity 20650K, committed 20736K, reserved 516096K
}
Event: 371.063 GC heap after
{Heap after GC invocations=229 (full 0):
 garbage-first heap   total 273408K, used 198324K [0x0000000080000000, 0x0000000100000000)
  region size 1024K, 7 young (7168K), 7 survivors (7168K)
 Metaspace       used 152392K, capacity 156805K, committed 156928K, reserved 653312K
  class space    used 19023K, capacity 20650K, committed 20736K, reserved 516096K
}
Event: 371.920 GC heap before
{Heap before GC invocations=229 (full 0):
 garbage-first heap   total 273408K, used 235188K [0x0000000080000000, 0x0000000100000000)
  region size 1024K, 43 young (44032K), 7 survivors (7168K)
 Metaspace       used 153755K, capacity 158275K, committed 158336K, reserved 655360K
  class space    used 19194K, capacity 20860K, committed 20864K, reserved 516096K
}
Event: 371.940 GC heap after
{Heap after GC invocations=230 (full 0):
 garbage-first heap   total 273408K, used 202380K [0x0000000080000000, 0x0000000100000000)
  region size 1024K, 6 young (6144K), 6 survivors (6144K)
 Metaspace       used 153755K, capacity 158275K, committed 158336K, reserved 655360K
  class space    used 19194K, capacity 20860K, committed 20864K, reserved 516096K
}
Event: 372.902 GC heap before
{Heap before GC invocations=230 (full 0):
 garbage-first heap   total 273408K, used 233100K [0x0000000080000000, 0x0000000100000000)
  region size 1024K, 36 young (36864K), 6 survivors (6144K)
 Metaspace       used 155198K, capacity 159677K, committed 159872K, reserved 655360K
  class space    used 19374K, capacity 21028K, committed 21120K, reserved 516096K
}
Event: 372.928 GC heap after
{Heap after GC invocations=231 (full 0):
 garbage-first heap   total 273408K, used 207872K [0x0000000080000000, 0x0000000100000000)
  region size 1024K, 5 young (5120K), 5 survivors (5120K)
 Metaspace       used 155198K, capacity 159677K, committed 159872K, reserved 655360K
  class space    used 19374K, capacity 21028K, committed 21120K, reserved 516096K
}
Event: 373.388 GC heap before
{Heap before GC invocations=231 (full 0):
 garbage-first heap   total 273408K, used 233472K [0x0000000080000000, 0x0000000100000000)
  region size 1024K, 31 young (31744K), 5 survivors (5120K)
 Metaspace       used 155890K, capacity 160488K, committed 160768K, reserved 657408K
  class space    used 19467K, capacity 21173K, committed 21248K, reserved 516096K
}
Event: 373.417 GC heap after
{Heap after GC invocations=232 (full 0):
 garbage-first heap   total 328704K, used 213553K [0x0000000080000000, 0x0000000100000000)
  region size 1024K, 4 young (4096K), 4 survivors (4096K)
 Metaspace       used 155890K, capacity 160488K, committed 160768K, reserved 657408K
  class space    used 19467K, capacity 21173K, committed 21248K, reserved 516096K
}
Event: 375.185 GC heap before
{Heap before GC invocations=232 (full 0):
 garbage-first heap   total 328704K, used 255537K [0x0000000080000000, 0x0000000100000000)
  region size 1024K, 45 young (46080K), 4 survivors (4096K)
 Metaspace       used 157992K, capacity 162711K, committed 163072K, reserved 657408K
  class space    used 19819K, capacity 21636K, committed 21760K, reserved 516096K
}
Event: 375.215 GC heap after
{Heap after GC invocations=233 (full 0):
 garbage-first heap   total 328704K, used 220017K [0x0000000080000000, 0x0000000100000000)
  region size 1024K, 6 young (6144K), 6 survivors (6144K)
 Metaspace       used 157992K, capacity 162711K, committed 163072K, reserved 657408K
  class space    used 19819K, capacity 21636K, committed 21760K, reserved 516096K
}

Deoptimization events (10 events):
Event: 373.421 Thread 0x0000005d81103800 Uncommon trap: reason=bimorphic_or_optimized_type_check action=maybe_recompile pc=0x0000005dea54bce4 method=com.android.tools.r8.internal.wt.hasNext()Z @ 13 c2
Event: 373.754 Thread 0x0000005dfc894800 Uncommon trap: reason=unstable_if action=reinterpret pc=0x0000005dea558800 method=com.android.tools.r8.internal.le.e(Ljava/lang/String;)[Ljava/lang/String; @ 149 c2
Event: 375.031 Thread 0x0000005dfd258000 Uncommon trap: reason=bimorphic_or_optimized_type_check action=maybe_recompile pc=0x0000005dea9d8b84 method=java.util.Map.computeIfAbsent(Ljava/lang/Object;Ljava/util/function/Function;)Ljava/lang/Object; @ 7 c2
Event: 375.031 Thread 0x0000005dfd258000 Uncommon trap: reason=bimorphic_or_optimized_type_check action=maybe_recompile pc=0x0000005dea9d8b84 method=java.util.Map.computeIfAbsent(Ljava/lang/Object;Ljava/util/function/Function;)Ljava/lang/Object; @ 7 c2
Event: 375.031 Thread 0x0000005dfd258000 Uncommon trap: reason=bimorphic_or_optimized_type_check action=maybe_recompile pc=0x0000005dea9d8b84 method=java.util.Map.computeIfAbsent(Ljava/lang/Object;Ljava/util/function/Function;)Ljava/lang/Object; @ 7 c2
Event: 375.031 Thread 0x0000005dfd258000 Uncommon trap: reason=bimorphic_or_optimized_type_check action=maybe_recompile pc=0x0000005dea9d8b84 method=java.util.Map.computeIfAbsent(Ljava/lang/Object;Ljava/util/function/Function;)Ljava/lang/Object; @ 7 c2
Event: 375.259 Thread 0x0000005dfc894800 Uncommon trap: reason=unstable_if action=reinterpret pc=0x0000005deafc8628 method=com.android.tools.r8.graph.w2.a(I)V @ 1014 c2
Event: 375.392 Thread 0x0000005dfd258000 Uncommon trap: reason=unstable_if action=reinterpret pc=0x0000005dea7e9028 method=com.android.tools.r8.internal.le.a(C)Z @ 3 c2
Event: 375.392 Thread 0x0000005dfd258000 Uncommon trap: reason=unstable_if action=reinterpret pc=0x0000005dea6f017c method=com.android.tools.r8.internal.le.a(C)Z @ 3 c2
Event: 375.445 Thread 0x0000005d81103800 Uncommon trap: reason=unstable_if action=reinterpret pc=0x0000005dea7dc94c method=com.android.tools.r8.internal.oq.a(ILjava/lang/Object;)Ljava/lang/Object; @ 99 c2

Classes redefined (0 events):
No events

Internal exceptions (10 events):
Event: 371.579 Thread 0x0000005dfd258000 Exception <a 'java/lang/NoSuchMethodError'{0x000000008fbda7d8}: java.lang.invoke.DirectMethodHandle$Holder.invokeStatic(Ljava/lang/Object;Ljava/lang/Object;)J> (0x000000008fbda7d8) thrown at [./open/src/hotspot/share/interpreter/linkResolver.cpp, line 772
Event: 371.579 Thread 0x0000005d81103800 Exception <a 'java/lang/NoSuchMethodError'{0x000000008fbdea90}: java.lang.invoke.DirectMethodHandle$Holder.invokeStatic(Ljava/lang/Object;Ljava/lang/Object;)J> (0x000000008fbdea90) thrown at [./open/src/hotspot/share/interpreter/linkResolver.cpp, line 772
Event: 371.753 Thread 0x0000005d81103800 Exception <a 'java/lang/IncompatibleClassChangeError'{0x000000008f1bf600}: Found class java.lang.Object, but interface was expected> (0x000000008f1bf600) thrown at [./open/src/hotspot/share/interpreter/linkResolver.cpp, line 838]
Event: 371.755 Thread 0x0000005d81103800 Exception <a 'java/lang/NoSuchMethodError'{0x000000008f1ca0e0}: java.lang.invoke.DirectMethodHandle$Holder.newInvokeSpecial(Ljava/lang/Object;I)Ljava/lang/Object;> (0x000000008f1ca0e0) thrown at [./open/src/hotspot/share/interpreter/linkResolver.cpp, line
Event: 371.758 Thread 0x0000005d81103800 Exception <a 'java/lang/IncompatibleClassChangeError'{0x000000008f1d6c40}: Found class java.lang.Object, but interface was expected> (0x000000008f1d6c40) thrown at [./open/src/hotspot/share/interpreter/linkResolver.cpp, line 838]
Event: 371.773 Thread 0x0000005d81103800 Exception <a 'java/lang/IncompatibleClassChangeError'{0x000000008f1e1120}: Found class java.lang.Object, but interface was expected> (0x000000008f1e1120) thrown at [./open/src/hotspot/share/interpreter/linkResolver.cpp, line 838]
Event: 371.897 Thread 0x0000005dfd258000 Exception <a 'java/lang/NoSuchMethodError'{0x000000008e8399d0}: java.lang.invoke.DirectMethodHandle$Holder.invokeStatic(Ljava/lang/Object;Ljava/lang/Object;Ljava/lang/Object;I)V> (0x000000008e8399d0) thrown at [./open/src/hotspot/share/interpreter/linkRes
Event: 371.899 Thread 0x0000005dfd258000 Exception <a 'java/lang/IncompatibleClassChangeError'{0x000000008e8437d8}: Found class java.lang.Object, but interface was expected> (0x000000008e8437d8) thrown at [./open/src/hotspot/share/interpreter/linkResolver.cpp, line 838]
Event: 373.061 Thread 0x0000005d81103800 Exception <a 'java/lang/NoSuchMethodError'{0x00000000902a1640}: java.lang.invoke.DirectMethodHandle$Holder.invokeStatic(Ljava/lang/Object;ILjava/lang/Object;Ljava/lang/Object;)Ljava/lang/Object;> (0x00000000902a1640) thrown at [./open/src/hotspot/share/in
Event: 374.688 Thread 0x0000005d81103800 Exception <a 'java/lang/NoSuchMethodError'{0x0000000092569c98}: java.lang.invoke.DirectMethodHandle$Holder.invokeSpecial(Ljava/lang/Object;Ljava/lang/Object;ILjava/lang/Object;)V> (0x0000000092569c98) thrown at [./open/src/hotspot/share/interpreter/linkRe

Events (10 events):
Event: 375.657 loading class com/android/tools/r8/code/p3
Event: 375.657 loading class com/android/tools/r8/code/p3 done
Event: 375.658 loading class com/android/tools/r8/code/o3
Event: 375.658 loading class com/android/tools/r8/code/o3 done
Event: 375.660 loading class com/android/tools/r8/code/n3
Event: 375.660 loading class com/android/tools/r8/code/n3 done
Event: 375.661 loading class com/android/tools/r8/code/q3
Event: 375.661 loading class com/android/tools/r8/code/q3 done
Event: 375.663 loading class com/android/tools/r8/code/K
Event: 375.663 loading class com/android/tools/r8/code/K done


Dynamic libraries:
0x00007ff7d4f20000 - 0x00007ff7d4f2f000 	C:\Program Files\Java\jdk-11.0.12\bin\java.exe
0x00007ffd52790000 - 0x00007ffd5293d000 	C:\Windows\SYSTEM32\ntdll.dll
0x00007ffd517c0000 - 0x00007ffd518ff000 	C:\Windows\system32\KERNEL32.DLL
0x00007ffd23a00000 - 0x00007ffd23a17000 	C:\Program Files\Avast Software\Avast\aswhook.dll
0x00007ffd4fc70000 - 0x00007ffd4fd85000 	C:\Windows\system32\KERNELBASE.dll
0x00007ffd361e0000 - 0x00007ffd361f8000 	C:\Program Files\Java\jdk-11.0.12\bin\jli.dll
0x00007ffd360e0000 - 0x00007ffd360f5000 	C:\Program Files\Java\jdk-11.0.12\bin\VCRUNTIME140.dll
0x00007ffd3aec0000 - 0x00007ffd3aec4000 	C:\Program Files\Java\jdk-11.0.12\bin\api-ms-win-crt-stdio-l1-1-0.dll
0x00007ffd3ab10000 - 0x00007ffd3ab14000 	C:\Program Files\Java\jdk-11.0.12\bin\api-ms-win-crt-runtime-l1-1-0.dll
0x00007ffd3a0e0000 - 0x00007ffd3a0e3000 	C:\Program Files\Java\jdk-11.0.12\bin\api-ms-win-crt-environment-l1-1-0.dll
0x00007ffd378a0000 - 0x00007ffd378a5000 	C:\Program Files\Java\jdk-11.0.12\bin\api-ms-win-crt-math-l1-1-0.dll
0x00007ffd37270000 - 0x00007ffd37273000 	C:\Program Files\Java\jdk-11.0.12\bin\api-ms-win-crt-locale-l1-1-0.dll
0x00007ffd36fc0000 - 0x00007ffd36fc3000 	C:\Program Files\Java\jdk-11.0.12\bin\api-ms-win-crt-heap-l1-1-0.dll
0x00007ffd52040000 - 0x00007ffd520ea000 	C:\Windows\system32\ADVAPI32.dll
0x00007ffd4d7a0000 - 0x00007ffd4da1b000 	C:\Windows\WinSxS\amd64_microsoft.windows.common-controls_6595b64144ccf1df_6.0.9600.19394_none_62486577ecb635cf\COMCTL32.dll
0x00007ffd524e0000 - 0x00007ffd52657000 	C:\Windows\system32\USER32.dll
0x00007ffd4d0c0000 - 0x00007ffd4d0ca000 	C:\Windows\SYSTEM32\VERSION.dll
0x00007ffd35f80000 - 0x00007ffd35f83000 	C:\Program Files\Java\jdk-11.0.12\bin\api-ms-win-crt-filesystem-l1-1-0.dll
0x00007ffd35f70000 - 0x00007ffd35f74000 	C:\Program Files\Java\jdk-11.0.12\bin\api-ms-win-crt-string-l1-1-0.dll
0x00007ffd35000000 - 0x00007ffd35004000 	C:\Program Files\Java\jdk-11.0.12\bin\api-ms-win-crt-convert-l1-1-0.dll
0x00007ffd52660000 - 0x00007ffd5270a000 	C:\Windows\system32\msvcrt.dll
0x00007ffd51d70000 - 0x00007ffd51dc8000 	C:\Windows\SYSTEM32\sechost.dll
0x00007ffd51f00000 - 0x00007ffd5203a000 	C:\Windows\system32\RPCRT4.dll
0x00007ffd522b0000 - 0x00007ffd523fe000 	C:\Windows\system32\GDI32.dll
0x00007ffcdd4f0000 - 0x00007ffcdd5ea000 	C:\Program Files\Java\jdk-11.0.12\bin\ucrtbase.DLL
0x00007ffd4fd90000 - 0x00007ffd4fdbe000 	C:\Windows\system32\SspiCli.dll
0x00007ffd51d30000 - 0x00007ffd51d66000 	C:\Windows\system32\IMM32.DLL
0x00007ffd51b00000 - 0x00007ffd51c51000 	C:\Windows\system32\MSCTF.dll
0x00007ffcdd450000 - 0x00007ffcdd4eb000 	C:\Program Files\Java\jdk-11.0.12\bin\msvcp140.dll
0x00007ffd33d90000 - 0x00007ffd33d93000 	C:\Program Files\Java\jdk-11.0.12\bin\api-ms-win-crt-time-l1-1-0.dll
0x00007ffd33d80000 - 0x00007ffd33d83000 	C:\Program Files\Java\jdk-11.0.12\bin\api-ms-win-crt-utility-l1-1-0.dll
0x00007ffcdc950000 - 0x00007ffcdd44f000 	C:\Program Files\Java\jdk-11.0.12\bin\server\jvm.dll
0x00007ffd465e0000 - 0x00007ffd465e9000 	C:\Windows\SYSTEM32\WSOCK32.dll
0x00007ffd4cbd0000 - 0x00007ffd4cbf2000 	C:\Windows\SYSTEM32\WINMM.dll
0x00007ffd52770000 - 0x00007ffd52777000 	C:\Windows\system32\PSAPI.DLL
0x00007ffd51ea0000 - 0x00007ffd51efa000 	C:\Windows\system32\WS2_32.dll
0x00007ffd4a780000 - 0x00007ffd4a7aa000 	C:\Windows\SYSTEM32\WINMMBASE.dll
0x00007ffd52780000 - 0x00007ffd52789000 	C:\Windows\system32\NSI.dll
0x00007ffd4fdc0000 - 0x00007ffd4fe0f000 	C:\Windows\SYSTEM32\cfgmgr32.dll
0x00007ffd4e6f0000 - 0x00007ffd4e718000 	C:\Windows\SYSTEM32\DEVOBJ.dll
0x00007ffd33d70000 - 0x00007ffd33d80000 	C:\Program Files\Java\jdk-11.0.12\bin\verify.dll
0x00007ffd4a7b0000 - 0x00007ffd4a939000 	C:\Windows\SYSTEM32\DBGHELP.DLL
0x00007ffd30fa0000 - 0x00007ffd30fc8000 	C:\Program Files\Java\jdk-11.0.12\bin\java.dll
0x00007ffd33d60000 - 0x00007ffd33d6a000 	C:\Program Files\Java\jdk-11.0.12\bin\jimage.dll
0x00007ffd31550000 - 0x00007ffd31566000 	C:\Program Files\Java\jdk-11.0.12\bin\zip.dll
0x00007ffd50290000 - 0x00007ffd517be000 	C:\Windows\system32\SHELL32.dll
0x00007ffd4fe10000 - 0x00007ffd50021000 	C:\Windows\SYSTEM32\combase.dll
0x00007ffd52480000 - 0x00007ffd524d4000 	C:\Windows\system32\SHLWAPI.dll
0x00007ffd4e100000 - 0x00007ffd4e1b2000 	C:\Windows\SYSTEM32\SHCORE.dll
0x00007ffd4f8b0000 - 0x00007ffd4f8c5000 	C:\Windows\SYSTEM32\profapi.dll
0x00007ffd30a90000 - 0x00007ffd30aa9000 	C:\Program Files\Java\jdk-11.0.12\bin\net.dll
0x00007ffd43900000 - 0x00007ffd439c9000 	C:\Windows\SYSTEM32\WINHTTP.dll
0x00007ffd4f0f0000 - 0x00007ffd4f149000 	C:\Windows\system32\mswsock.dll
0x00007ffd30470000 - 0x00007ffd30482000 	C:\Program Files\Java\jdk-11.0.12\bin\nio.dll
0x00007ffd2ed50000 - 0x00007ffd2ed77000 	C:\Users\Administrator\.gradle\native\e1d6ef7f7dcc3fd88c89a11ec53ec762bb8ba0a96d01ffa2cd45eb1d1d8dd5c5\windows-amd64\native-platform.dll
0x00007ffd311b0000 - 0x00007ffd311b9000 	C:\Program Files\Java\jdk-11.0.12\bin\management.dll
0x00007ffd30f90000 - 0x00007ffd30f9b000 	C:\Program Files\Java\jdk-11.0.12\bin\management_ext.dll
0x00007ffd4f150000 - 0x00007ffd4f170000 	C:\Windows\SYSTEM32\CRYPTSP.dll
0x00007ffd4ed70000 - 0x00007ffd4eda6000 	C:\Windows\system32\rsaenh.dll
0x00007ffd4f390000 - 0x00007ffd4f3b6000 	C:\Windows\SYSTEM32\bcrypt.dll
0x00007ffd4ee80000 - 0x00007ffd4eea1000 	C:\Windows\SYSTEM32\USERENV.dll
0x00007ffd4f6b0000 - 0x00007ffd4f713000 	C:\Windows\system32\bcryptprimitives.dll
0x00007ffd4f720000 - 0x00007ffd4f72b000 	C:\Windows\SYSTEM32\CRYPTBASE.dll
0x00007ffd48f30000 - 0x00007ffd48f5a000 	C:\Windows\SYSTEM32\IPHLPAPI.DLL
0x00007ffd48f20000 - 0x00007ffd48f2a000 	C:\Windows\SYSTEM32\WINNSI.DLL
0x00007ffd47ad0000 - 0x00007ffd47ae6000 	C:\Windows\SYSTEM32\dhcpcsvc6.DLL
0x00007ffd47d60000 - 0x00007ffd47d7a000 	C:\Windows\SYSTEM32\dhcpcsvc.DLL
0x00007ffd30460000 - 0x00007ffd3046d000 	C:\Program Files\Java\jdk-11.0.12\bin\sunmscapi.dll
0x00007ffd4fa90000 - 0x00007ffd4fc6e000 	C:\Windows\system32\CRYPT32.dll
0x00007ffd4f360000 - 0x00007ffd4f385000 	C:\Windows\SYSTEM32\ncrypt.dll
0x00007ffd4f960000 - 0x00007ffd4f971000 	C:\Windows\system32\MSASN1.dll
0x00007ffd4f320000 - 0x00007ffd4f357000 	C:\Windows\SYSTEM32\NTASN1.dll
0x00007ffd2bbc0000 - 0x00007ffd2bbe5000 	C:\Program Files\Java\jdk-11.0.12\bin\sunec.dll
0x00007ffd4eef0000 - 0x00007ffd4ef94000 	C:\Windows\SYSTEM32\DNSAPI.dll
0x000000005d250000 - 0x000000005d276000 	C:\Program Files\Bonjour\mdnsNSP.dll
0x00007ffd3ffb0000 - 0x00007ffd3ffba000 	C:\Windows\System32\rasadhlp.dll
0x00007ffd47c30000 - 0x00007ffd47c9b000 	C:\Windows\System32\fwpuclnt.dll
0x00007ffd4d180000 - 0x00007ffd4d1b2000 	C:\Windows\SYSTEM32\ntmarta.dll
0x00007ffd30230000 - 0x00007ffd3024e000 	C:\Users\Administrator\AppData\Local\Temp\native-platform17216146795821602664dir\native-platform.dll
0x00007ffd30450000 - 0x00007ffd30457000 	C:\Program Files\Java\jdk-11.0.12\bin\rmi.dll
0x00007ffd3dcd0000 - 0x00007ffd3dce5000 	C:\Windows\system32\napinsp.dll
0x00007ffd3dcb0000 - 0x00007ffd3dcca000 	C:\Windows\system32\pnrpnsp.dll
0x00007ffd49a10000 - 0x00007ffd49a2b000 	C:\Windows\system32\NLAapi.dll
0x00007ffd3dca0000 - 0x00007ffd3dcad000 	C:\Windows\System32\winrnr.dll
0x00007ffd3dc80000 - 0x00007ffd3dc94000 	C:\Windows\system32\wshbth.dll
0x00007ffd2a8b0000 - 0x00007ffd2a8ce000 	C:\Users\Administrator\AppData\Local\Temp\native-platform13816631775060216125dir\native-platform.dll

dbghelp: loaded successfully - version: 4.0.5 - missing functions: none
symbol engine: initialized successfully - sym options: 0x614 - pdb path: .;C:\Program Files\Java\jdk-11.0.12\bin;C:\Windows\SYSTEM32;C:\Program Files\Avast Software\Avast;C:\Windows\WinSxS\amd64_microsoft.windows.common-controls_6595b64144ccf1df_6.0.9600.19394_none_62486577ecb635cf;C:\Program Files\Java\jdk-11.0.12\bin\server;C:\Users\Administrator\.gradle\native\e1d6ef7f7dcc3fd88c89a11ec53ec762bb8ba0a96d01ffa2cd45eb1d1d8dd5c5\windows-amd64;C:\Program Files\Bonjour;C:\Users\Administrator\AppData\Local\Temp\native-platform17216146795821602664dir;C:\Users\Administrator\AppData\Local\Temp\native-platform13816631775060216125dir

VM Arguments:
jvm_args: -XX:MaxMetaspaceSize=512m --add-opens=java.base/java.util=ALL-UNNAMED --add-opens=java.base/java.lang=ALL-UNNAMED --add-opens=java.base/java.lang.invoke=ALL-UNNAMED --add-opens=java.base/java.util=ALL-UNNAMED --add-opens=java.prefs/java.util.prefs=ALL-UNNAMED --add-opens=java.prefs/java.util.prefs=ALL-UNNAMED --add-opens=java.base/java.nio.charset=ALL-UNNAMED --add-opens=java.base/java.net=ALL-UNNAMED --add-opens=java.base/java.util.concurrent.atomic=ALL-UNNAMED -Xmx2048m -Dfile.encoding=windows-1252 -Duser.country=US -Duser.language=en -Duser.variant 
java_command: org.gradle.launcher.daemon.bootstrap.GradleDaemon 7.5.1
java_class_path (initial): C:\Users\Administrator\.gradle\wrapper\dists\gradle-7.5.1-all\1ehga6e77gqps5uk2kc5kf1vc\gradle-7.5.1\lib\gradle-launcher-7.5.1.jar
Launcher Type: SUN_STANDARD

[Global flags]
     intx CICompilerCount                          = 3                                         {product} {ergonomic}
   size_t CompressedClassSpaceSize                 = 528482304                                 {product} {ergonomic}
     uint ConcGCThreads                            = 1                                         {product} {ergonomic}
     uint G1ConcRefinementThreads                  = 4                                         {product} {ergonomic}
   size_t G1HeapRegionSize                         = 1048576                                   {product} {ergonomic}
    uintx GCDrainStackTargetSize                   = 64                                        {product} {ergonomic}
   size_t InitialHeapSize                          = 134217728                                 {product} {ergonomic}
   size_t MarkStackSize                            = 4194304                                   {product} {ergonomic}
   size_t MaxHeapSize                              = 2147483648                                {product} {command line}
   size_t MaxMetaspaceSize                         = 536870912                                 {product} {command line}
   size_t MaxNewSize                               = 1287651328                                {product} {ergonomic}
   size_t MinHeapDeltaBytes                        = 1048576                                   {product} {ergonomic}
    uintx NonNMethodCodeHeapSize                   = 5830732                                {pd product} {ergonomic}
    uintx NonProfiledCodeHeapSize                  = 122913754                              {pd product} {ergonomic}
    uintx ProfiledCodeHeapSize                     = 122913754                              {pd product} {ergonomic}
    uintx ReservedCodeCacheSize                    = 251658240                              {pd product} {ergonomic}
     bool SegmentedCodeCache                       = true                                      {product} {ergonomic}
     bool UseCompressedClassPointers               = true                                 {lp64_product} {ergonomic}
     bool UseCompressedOops                        = true                                 {lp64_product} {ergonomic}
     bool UseG1GC                                  = true                                      {product} {ergonomic}
     bool UseLargePagesIndividualAllocation        = false                                  {pd product} {ergonomic}

Logging:
Log output configuration:
 #0: stdout all=warning uptime,level,tags
 #1: stderr all=off uptime,level,tags

Environment Variables:
JAVA_HOME=C:\Program Files\Java\jdk-11.0.12
CLASSPATH=C:\react-native\MyProject\android\\gradle\wrapper\gradle-wrapper.jar
PATH=C:\react-native\MyProject\android\node_modules\.bin;C:\react-native\MyProject\node_modules\.bin;C:\react-native\node_modules\.bin;C:\node_modules\.bin;C:\Program Files\nodejs;C:\Python310\Scripts\;C:\Python310\;C:\Program Files\Common Files\Oracle\Java\javapath;C:\ProgramData\Oracle\Java\javapath;C:\Windows\system32;C:\Windows;C:\Windows\System32\Wbem;C:\Windows\System32\WindowsPowerShell\v1.0\;C:\Program Files (x86)\Microsoft SQL Server\110\Tools\Binn\ManagementStudio\;C:\Program Files (x86)\Microsoft SQL Server\110\Tools\Binn\;C:\Program Files\Microsoft SQL Server\110\Tools\Binn\;C:\Program Files (x86)\Microsoft SQL Server\110\DTS\Binn\;C:\Program Files\Microsoft SQL Server\110\DTS\Binn\;C:\wamp64\bin\php\php7.3.21;C:\Program Files\MySQL\MySQL Server 5.5\bin;C:\Program Files\Java\jdk-11.0.12\bin;C:\Program Files\apache-maven-3.8.4\bin;C:\ProgramData\ComposerSetup\bin;C:\Program Files\nodejs\;C:\ProgramData\chocolatey\bin;C:\Program Files\Git\cmd;C:\Program Files (x86)\Yarn\bin\;C:\Program Files\Java\jdk-11.0.12\bin;:\Users\Administrator\AppData\Local\Android\Sdk;C:\Users\Administrator\AppData\Local\Android\Sdk\platform-tools;C:\Users\Administrator\AppData\Local\Programs\Microsoft VS Code\bin;C:\Users\Administrator\AppData\Local\GitHubDesktop\bin;C:\Program Files\MySQL\MySQL Server 5.5\bin;C:\Program Files\Java\jdk-11.0.12\bin;C:\Users\Administrator\AppData\Roaming\Composer\vendor\bin;C:\Users\Administrator\AppData\Roaming\npm;C:\Users\Administrator\AppData\Local\Yarn\bin;C:\Users\Administrator\AppData\Local\Android\Sdk\platform-tools
USERNAME=Administrator
OS=Windows_NT
PROCESSOR_IDENTIFIER=Intel64 Family 6 Model 61 Stepping 4, GenuineIntel



---------------  S Y S T E M  ---------------

OS: Windows 8.1 , 64 bit Build 9600 (6.3.9600.20062)

CPU:total 4 (initial active 4) (2 cores per cpu, 2 threads per core) family 6 model 61 stepping 4 microcode 0x1f, cmov, cx8, fxsr, mmx, sse, sse2, sse3, ssse3, sse4.1, sse4.2, popcnt, avx, avx2, aes, clmul, erms, 3dnowpref, lzcnt, ht, tsc, tscinvbit, bmi1, bmi2, adx, fma

Memory: 4k page, system-wide physical 8103M (479M free)
TotalPageFile size 11175M (AvailPageFile size 10M)
current process WorkingSet (physical memory assigned to process): 749M, peak: 753M
current process commit charge ("private bytes"): 827M, peak: 834M

vm_info: Java HotSpot(TM) 64-Bit Server VM (11.0.12+8-LTS-237) for windows-amd64 JRE (11.0.12+8-LTS-237), built on Jun  8 2021 11:25:59 by "mach5one" with MS VC++ 15.9 (VS2017)

END.
